#
# There is insufficient memory for the Java Runtime Environment to continue.
# Native memory allocation (mmap) failed to map 132120576 bytes for G1 virtual space
# Possible reasons:
#   The system is out of physical RAM or swap space
#   The process is running with CompressedOops enabled, and the Java Heap may be blocking the growth of the native heap
# Possible solutions:
#   Reduce memory load on the system
#   Increase physical memory or swap space
#   Check if swap backing store is full
#   Decrease Java heap size (-Xmx/-Xms)
#   Decrease number of Java threads
#   Decrease Java thread stack sizes (-Xss)
#   Set larger code cache with -XX:ReservedCodeCacheSize=
#   JVM is running with Unscaled Compressed Oops mode in which the Java heap is
#     placed in the first 4GB address space. The Java Heap base address is the
#     maximum limit for the native heap growth. Please use -XX:HeapBaseMinAddress
#     to set the Java Heap base and to place the Java Heap above 4GB virtual address.
# This output file may be truncated or incomplete.
#
#  Out of Memory Error (os_windows.cpp:3469), pid=4648, tid=3796
#
# JRE version: Java(TM) SE Runtime Environment (17.0.1+12) (build 17.0.1+12-LTS-39)
# Java VM: Java HotSpot(TM) 64-Bit Server VM (17.0.1+12-LTS-39, mixed mode, sharing, tiered, compressed oops, compressed class ptrs, g1 gc, windows-amd64)
# No core dump will be written. Minidumps are not enabled by default on client versions of Windows
#

---------------  S U M M A R Y ------------

Command Line: -Dclassworlds.conf=C:\Program Files\Maven\apache-maven-3.8.5\bin\m2.conf -Dmaven.home=C:\Program Files\Maven\apache-maven-3.8.5 -Dlibrary.jansi.path=C:\Program Files\Maven\apache-maven-3.8.5\lib\jansi-native -Dmaven.multiModuleProjectDirectory=D:\eclipse-workspace\primo-progetto org.codehaus.plexus.classworlds.launcher.Launcher package -DskipTests

Host: AMD Ryzen 5 PRO 3350GE with Radeon Vega Graphic, 8 cores, 7G,  Windows 10 , 64 bit Build 22621 (10.0.22621.3374)
Time: Wed May  1 18:06:26 2024 ora legale Europa occidentale elapsed time: 5.336888 seconds (0d 0h 0m 5s)

---------------  T H R E A D  ---------------

Current thread (0x000002252d7f4aa0):  VMThread "VM Thread" [stack: 0x00000033feb00000,0x00000033fec00000] [id=3796]

Stack: [0x00000033feb00000,0x00000033fec00000]
Native frames: (J=compiled Java code, j=interpreted, Vv=VM code, C=native code)
V  [jvm.dll+0x66fa1a]
V  [jvm.dll+0x7ce5a4]
V  [jvm.dll+0x7cfd4e]
V  [jvm.dll+0x7d03b3]
V  [jvm.dll+0x242b05]
V  [jvm.dll+0x66ca39]
V  [jvm.dll+0x661502]
V  [jvm.dll+0x30081b]
V  [jvm.dll+0x307da6]
V  [jvm.dll+0x357a1e]
V  [jvm.dll+0x357c4f]
V  [jvm.dll+0x2d7ad8]
V  [jvm.dll+0x2d5da4]
V  [jvm.dll+0x2d53ac]
V  [jvm.dll+0x318d0b]
V  [jvm.dll+0x7d484b]
V  [jvm.dll+0x7d5584]
V  [jvm.dll+0x7d5a9c]
V  [jvm.dll+0x7d5e74]
V  [jvm.dll+0x7d5f40]
V  [jvm.dll+0x77e91a]
V  [jvm.dll+0x66e845]
C  [ucrtbase.dll+0x29333]
C  [KERNEL32.DLL+0x1257d]
C  [ntdll.dll+0x5aa48]

VM_Operation (0x00000033fe5fbd90): G1CollectForAllocation, mode: safepoint, requested by thread 0x000002250f862160


---------------  P R O C E S S  ---------------

Threads class SMR info:
_java_thread_list=0x000002252f894b30, length=12, elements={
0x000002250f862160, 0x000002252d7f9aa0, 0x000002252d7fa910, 0x000002252d813920,
0x000002252d8144d0, 0x000002252d814e80, 0x000002252d815830, 0x000002252d8165c0,
0x000002252d818070, 0x000002252d822390, 0x000002252e4ac160, 0x000002252e4c4910
}

Java Threads: ( => current thread )
  0x000002250f862160 JavaThread "main" [_thread_blocked, id=16776, stack(0x00000033fe500000,0x00000033fe600000)]
  0x000002252d7f9aa0 JavaThread "Reference Handler" daemon [_thread_blocked, id=14276, stack(0x00000033fec00000,0x00000033fed00000)]
  0x000002252d7fa910 JavaThread "Finalizer" daemon [_thread_blocked, id=16388, stack(0x00000033fed00000,0x00000033fee00000)]
  0x000002252d813920 JavaThread "Signal Dispatcher" daemon [_thread_blocked, id=1540, stack(0x00000033fee00000,0x00000033fef00000)]
  0x000002252d8144d0 JavaThread "Attach Listener" daemon [_thread_blocked, id=19160, stack(0x00000033fef00000,0x00000033ff000000)]
  0x000002252d814e80 JavaThread "Service Thread" daemon [_thread_blocked, id=14812, stack(0x00000033ff000000,0x00000033ff100000)]
  0x000002252d815830 JavaThread "Monitor Deflation Thread" daemon [_thread_blocked, id=15200, stack(0x00000033ff100000,0x00000033ff200000)]
  0x000002252d8165c0 JavaThread "C2 CompilerThread0" daemon [_thread_blocked, id=18468, stack(0x00000033ff200000,0x00000033ff300000)]
  0x000002252d818070 JavaThread "C1 CompilerThread0" daemon [_thread_blocked, id=792, stack(0x00000033ff300000,0x00000033ff400000)]
  0x000002252d822390 JavaThread "Sweeper thread" daemon [_thread_blocked, id=12676, stack(0x00000033ff400000,0x00000033ff500000)]
  0x000002252e4ac160 JavaThread "Notification Thread" daemon [_thread_blocked, id=5916, stack(0x00000033ff500000,0x00000033ff600000)]
  0x000002252e4c4910 JavaThread "Common-Cleaner" daemon [_thread_blocked, id=15712, stack(0x00000033ff700000,0x00000033ff800000)]

Other Threads:
=>0x000002252d7f4aa0 VMThread "VM Thread" [stack: 0x00000033feb00000,0x00000033fec00000] [id=3796]
  0x000002252e4c0670 WatcherThread [stack: 0x00000033ff600000,0x00000033ff700000] [id=20124]
  0x000002250f8a3160 GCTaskThread "GC Thread#0" [stack: 0x00000033fe600000,0x00000033fe700000] [id=9388]
  0x000002252e553940 GCTaskThread "GC Thread#1" [stack: 0x00000033ffa00000,0x00000033ffb00000] [id=16920]
  0x000002252ec7a970 GCTaskThread "GC Thread#2" [stack: 0x00000033ffb00000,0x00000033ffc00000] [id=20016]
  0x000002252f077c80 GCTaskThread "GC Thread#3" [stack: 0x00000033ffc00000,0x00000033ffd00000] [id=10516]
  0x000002252f077f30 GCTaskThread "GC Thread#4" [stack: 0x00000033ffd00000,0x00000033ffe00000] [id=10520]
  0x000002252ed38840 GCTaskThread "GC Thread#5" [stack: 0x00000033ffe00000,0x00000033fff00000] [id=16432]
  0x000002252ed38af0 GCTaskThread "GC Thread#6" [stack: 0x00000033fff00000,0x0000003400000000] [id=20144]
  0x000002252f330110 GCTaskThread "GC Thread#7" [stack: 0x0000003380000000,0x0000003380100000] [id=16492]
  0x000002250f8b4340 ConcurrentGCThread "G1 Main Marker" [stack: 0x00000033fe700000,0x00000033fe800000] [id=11164]
  0x000002250f8b4d50 ConcurrentGCThread "G1 Conc#0" [stack: 0x00000033fe800000,0x00000033fe900000] [id=17668]
  0x000002250f92d5e0 ConcurrentGCThread "G1 Refine#0" [stack: 0x00000033fe900000,0x00000033fea00000] [id=12704]
  0x000002250f92e000 ConcurrentGCThread "G1 Service" [stack: 0x00000033fea00000,0x00000033feb00000] [id=19276]

Threads with active compile tasks:

VM state: at safepoint (normal execution)

VM Mutex/Monitor currently owned by a thread:  ([mutex/lock_event])
[0x000002250f85e2b0] Threads_lock - owner thread: 0x000002252d7f4aa0
[0x000002250f85d2f0] Heap_lock - owner thread: 0x000002250f862160

Heap address: 0x0000000082800000, size: 2008 MB, Compressed Oops mode: 32-bit

CDS archive(s) mapped at: [0x0000000800000000-0x0000000800bc0000-0x0000000800bc0000), size 12320768, SharedBaseAddress: 0x0000000800000000, ArchiveRelocationMode: 0.
Compressed class space mapped at: 0x0000000800c00000-0x0000000840c00000, reserved size: 1073741824
Narrow klass base: 0x0000000800000000, Narrow klass shift: 0, Narrow klass range: 0x100000000

GC Precious Log:
 CPUs: 8 total, 8 available
 Memory: 8024M
 Large Page Support: Disabled
 NUMA Support: Disabled
 Compressed Oops: Enabled (32-bit)
 Heap Region Size: 1M
 Heap Min Capacity: 8M
 Heap Initial Capacity: 126M
 Heap Max Capacity: 2008M
 Pre-touch: Disabled
 Parallel Workers: 8
 Concurrent Workers: 2
 Concurrent Refinement Workers: 8
 Periodic GC: Disabled

Heap:
 garbage-first heap   total 129024K, used 21567K [0x0000000082800000, 0x0000000100000000)
  region size 1024K, 5 young (5120K), 5 survivors (5120K)
 Metaspace       used 19534K, committed 19904K, reserved 1073152K
  class space    used 2178K, committed 2368K, reserved 1048576K

Heap Regions: E=young(eden), S=young(survivor), O=old, HS=humongous(starts), HC=humongous(continues), CS=collection set, F=free, OA=open archive, CA=closed archive, TAMS=top-at-mark-start (previous, next)
|   0|0x0000000082800000, 0x0000000082900000, 0x0000000082900000|100%| O|  |TAMS 0x0000000082800000, 0x0000000082800000| Untracked 
|   1|0x0000000082900000, 0x0000000082a00000, 0x0000000082a00000|100%| O|  |TAMS 0x0000000082900000, 0x0000000082900000| Untracked 
|   2|0x0000000082a00000, 0x0000000082b00000, 0x0000000082b00000|100%| O|  |TAMS 0x0000000082a00000, 0x0000000082a00000| Untracked 
|   3|0x0000000082b00000, 0x0000000082c00000, 0x0000000082c00000|100%| O|  |TAMS 0x0000000082b00000, 0x0000000082b00000| Untracked 
|   4|0x0000000082c00000, 0x0000000082d00000, 0x0000000082d00000|100%| O|  |TAMS 0x0000000082c00000, 0x0000000082c00000| Untracked 
|   5|0x0000000082d00000, 0x0000000082e00000, 0x0000000082e00000|100%| O|  |TAMS 0x0000000082d00000, 0x0000000082d00000| Untracked 
|   6|0x0000000082e00000, 0x0000000082edda00, 0x0000000082f00000| 86%| O|  |TAMS 0x0000000082e00000, 0x0000000082e00000| Untracked 
|   7|0x0000000082f00000, 0x0000000083000000, 0x0000000083000000|100%|HS|  |TAMS 0x0000000082f00000, 0x0000000082f00000| Complete 
|   8|0x0000000083000000, 0x0000000083000000, 0x0000000083100000|  0%| F|  |TAMS 0x0000000083000000, 0x0000000083000000| Untracked 
|   9|0x0000000083100000, 0x0000000083100000, 0x0000000083200000|  0%| F|  |TAMS 0x0000000083100000, 0x0000000083100000| Untracked 
|  10|0x0000000083200000, 0x0000000083200000, 0x0000000083300000|  0%| F|  |TAMS 0x0000000083200000, 0x0000000083200000| Untracked 
|  11|0x0000000083300000, 0x0000000083300000, 0x0000000083400000|  0%| F|  |TAMS 0x0000000083300000, 0x0000000083300000| Untracked 
|  12|0x0000000083400000, 0x0000000083400000, 0x0000000083500000|  0%| F|  |TAMS 0x0000000083400000, 0x0000000083400000| Untracked 
|  13|0x0000000083500000, 0x0000000083500000, 0x0000000083600000|  0%| F|  |TAMS 0x0000000083500000, 0x0000000083500000| Untracked 
|  14|0x0000000083600000, 0x0000000083600000, 0x0000000083700000|  0%| F|  |TAMS 0x0000000083600000, 0x0000000083600000| Untracked 
|  15|0x0000000083700000, 0x0000000083700000, 0x0000000083800000|  0%| F|  |TAMS 0x0000000083700000, 0x0000000083700000| Untracked 
|  16|0x0000000083800000, 0x0000000083800000, 0x0000000083900000|  0%| F|  |TAMS 0x0000000083800000, 0x0000000083800000| Untracked 
|  17|0x0000000083900000, 0x0000000083900000, 0x0000000083a00000|  0%| F|  |TAMS 0x0000000083900000, 0x0000000083900000| Untracked 
|  18|0x0000000083a00000, 0x0000000083a00000, 0x0000000083b00000|  0%| F|  |TAMS 0x0000000083a00000, 0x0000000083a00000| Untracked 
|  19|0x0000000083b00000, 0x0000000083b00000, 0x0000000083c00000|  0%| F|  |TAMS 0x0000000083b00000, 0x0000000083b00000| Untracked 
|  20|0x0000000083c00000, 0x0000000083c00000, 0x0000000083d00000|  0%| F|  |TAMS 0x0000000083c00000, 0x0000000083c00000| Untracked 
|  21|0x0000000083d00000, 0x0000000083d00000, 0x0000000083e00000|  0%| F|  |TAMS 0x0000000083d00000, 0x0000000083d00000| Untracked 
|  22|0x0000000083e00000, 0x0000000083e00000, 0x0000000083f00000|  0%| F|  |TAMS 0x0000000083e00000, 0x0000000083e00000| Untracked 
|  23|0x0000000083f00000, 0x0000000083f00000, 0x0000000084000000|  0%| F|  |TAMS 0x0000000083f00000, 0x0000000083f00000| Untracked 
|  24|0x0000000084000000, 0x0000000084000000, 0x0000000084100000|  0%| F|  |TAMS 0x0000000084000000, 0x0000000084000000| Untracked 
|  25|0x0000000084100000, 0x0000000084100000, 0x0000000084200000|  0%| F|  |TAMS 0x0000000084100000, 0x0000000084100000| Untracked 
|  26|0x0000000084200000, 0x0000000084200000, 0x0000000084300000|  0%| F|  |TAMS 0x0000000084200000, 0x0000000084200000| Untracked 
|  27|0x0000000084300000, 0x0000000084300000, 0x0000000084400000|  0%| F|  |TAMS 0x0000000084300000, 0x0000000084300000| Untracked 
|  28|0x0000000084400000, 0x0000000084400000, 0x0000000084500000|  0%| F|  |TAMS 0x0000000084400000, 0x0000000084400000| Untracked 
|  29|0x0000000084500000, 0x0000000084500000, 0x0000000084600000|  0%| F|  |TAMS 0x0000000084500000, 0x0000000084500000| Untracked 
|  30|0x0000000084600000, 0x0000000084600000, 0x0000000084700000|  0%| F|  |TAMS 0x0000000084600000, 0x0000000084600000| Untracked 
|  31|0x0000000084700000, 0x0000000084700000, 0x0000000084800000|  0%| F|  |TAMS 0x0000000084700000, 0x0000000084700000| Untracked 
|  32|0x0000000084800000, 0x0000000084800000, 0x0000000084900000|  0%| F|  |TAMS 0x0000000084800000, 0x0000000084800000| Untracked 
|  33|0x0000000084900000, 0x0000000084900000, 0x0000000084a00000|  0%| F|  |TAMS 0x0000000084900000, 0x0000000084900000| Untracked 
|  34|0x0000000084a00000, 0x0000000084a00000, 0x0000000084b00000|  0%| F|  |TAMS 0x0000000084a00000, 0x0000000084a00000| Untracked 
|  35|0x0000000084b00000, 0x0000000084b00000, 0x0000000084c00000|  0%| F|  |TAMS 0x0000000084b00000, 0x0000000084b00000| Untracked 
|  36|0x0000000084c00000, 0x0000000084d00000, 0x0000000084d00000|100%| O|  |TAMS 0x0000000084c00000, 0x0000000084c00000| Untracked 
|  37|0x0000000084d00000, 0x0000000084e00000, 0x0000000084e00000|100%| O|  |TAMS 0x0000000084d00000, 0x0000000084d00000| Untracked 
|  38|0x0000000084e00000, 0x0000000084f00000, 0x0000000084f00000|100%| O|  |TAMS 0x0000000084e00000, 0x0000000084e00000| Untracked 
|  39|0x0000000084f00000, 0x0000000085000000, 0x0000000085000000|100%| O|  |TAMS 0x0000000084f00000, 0x0000000084f00000| Untracked 
|  40|0x0000000085000000, 0x0000000085100000, 0x0000000085100000|100%| O|  |TAMS 0x0000000085000000, 0x0000000085000000| Untracked 
|  41|0x0000000085100000, 0x0000000085100000, 0x0000000085200000|  0%| F|  |TAMS 0x0000000085100000, 0x0000000085100000| Untracked 
|  42|0x0000000085200000, 0x0000000085232468, 0x0000000085300000| 19%| S|CS|TAMS 0x0000000085200000, 0x0000000085200000| Complete 
|  43|0x0000000085300000, 0x0000000085400000, 0x0000000085400000|100%| S|CS|TAMS 0x0000000085300000, 0x0000000085300000| Complete 
|  44|0x0000000085400000, 0x0000000085500000, 0x0000000085500000|100%| S|CS|TAMS 0x0000000085400000, 0x0000000085400000| Complete 
|  45|0x0000000085500000, 0x0000000085600000, 0x0000000085600000|100%| S|CS|TAMS 0x0000000085500000, 0x0000000085500000| Complete 
|  46|0x0000000085600000, 0x0000000085700000, 0x0000000085700000|100%| S|CS|TAMS 0x0000000085600000, 0x0000000085600000| Complete 
|  47|0x0000000085700000, 0x0000000085700000, 0x0000000085800000|  0%| F|  |TAMS 0x0000000085700000, 0x0000000085700000| Untracked 
|  48|0x0000000085800000, 0x0000000085800000, 0x0000000085900000|  0%| F|  |TAMS 0x0000000085800000, 0x0000000085800000| Untracked 
|  49|0x0000000085900000, 0x0000000085900000, 0x0000000085a00000|  0%| F|  |TAMS 0x0000000085900000, 0x0000000085900000| Untracked 
|  50|0x0000000085a00000, 0x0000000085a00000, 0x0000000085b00000|  0%| F|  |TAMS 0x0000000085a00000, 0x0000000085a00000| Untracked 
|  51|0x0000000085b00000, 0x0000000085c00000, 0x0000000085c00000|100%| O|  |TAMS 0x0000000085b00000, 0x0000000085b00000| Untracked 
|  52|0x0000000085c00000, 0x0000000085d00000, 0x0000000085d00000|100%| O|  |TAMS 0x0000000085c00000, 0x0000000085c00000| Untracked 
|  53|0x0000000085d00000, 0x0000000085e00000, 0x0000000085e00000|100%| O|  |TAMS 0x0000000085d00000, 0x0000000085d00000| Untracked 
|  54|0x0000000085e00000, 0x0000000085f00000, 0x0000000085f00000|100%| O|  |TAMS 0x0000000085e00000, 0x0000000085e00000| Untracked 
|  55|0x0000000085f00000, 0x0000000085f00000, 0x0000000086000000|  0%| F|  |TAMS 0x0000000085f00000, 0x0000000085f00000| Untracked 
|  56|0x0000000086000000, 0x0000000086000000, 0x0000000086100000|  0%| F|  |TAMS 0x0000000086000000, 0x0000000086000000| Untracked 
|  57|0x0000000086100000, 0x0000000086100000, 0x0000000086200000|  0%| F|  |TAMS 0x0000000086100000, 0x0000000086100000| Untracked 
|  58|0x0000000086200000, 0x0000000086200000, 0x0000000086300000|  0%| F|  |TAMS 0x0000000086200000, 0x0000000086200000| Untracked 
|  59|0x0000000086300000, 0x0000000086300000, 0x0000000086400000|  0%| F|  |TAMS 0x0000000086300000, 0x0000000086300000| Untracked 
|  60|0x0000000086400000, 0x0000000086400000, 0x0000000086500000|  0%| F|  |TAMS 0x0000000086400000, 0x0000000086400000| Untracked 
|  61|0x0000000086500000, 0x0000000086500000, 0x0000000086600000|  0%| F|  |TAMS 0x0000000086500000, 0x0000000086500000| Untracked 
|  62|0x0000000086600000, 0x0000000086600000, 0x0000000086700000|  0%| F|  |TAMS 0x0000000086600000, 0x0000000086600000| Untracked 
|  63|0x0000000086700000, 0x0000000086700000, 0x0000000086800000|  0%| F|  |TAMS 0x0000000086700000, 0x0000000086700000| Untracked 
|  64|0x0000000086800000, 0x0000000086800000, 0x0000000086900000|  0%| F|  |TAMS 0x0000000086800000, 0x0000000086800000| Untracked 
|  65|0x0000000086900000, 0x0000000086900000, 0x0000000086a00000|  0%| F|  |TAMS 0x0000000086900000, 0x0000000086900000| Untracked 
|  66|0x0000000086a00000, 0x0000000086a00000, 0x0000000086b00000|  0%| F|  |TAMS 0x0000000086a00000, 0x0000000086a00000| Untracked 
|  67|0x0000000086b00000, 0x0000000086b00000, 0x0000000086c00000|  0%| F|  |TAMS 0x0000000086b00000, 0x0000000086b00000| Untracked 
|  68|0x0000000086c00000, 0x0000000086c00000, 0x0000000086d00000|  0%| F|  |TAMS 0x0000000086c00000, 0x0000000086c00000| Untracked 
|  69|0x0000000086d00000, 0x0000000086d00000, 0x0000000086e00000|  0%| F|  |TAMS 0x0000000086d00000, 0x0000000086d00000| Untracked 
|  70|0x0000000086e00000, 0x0000000086e00000, 0x0000000086f00000|  0%| F|  |TAMS 0x0000000086e00000, 0x0000000086e00000| Untracked 
|  71|0x0000000086f00000, 0x0000000086f00000, 0x0000000087000000|  0%| F|  |TAMS 0x0000000086f00000, 0x0000000086f00000| Untracked 
|  72|0x0000000087000000, 0x0000000087000000, 0x0000000087100000|  0%| F|  |TAMS 0x0000000087000000, 0x0000000087000000| Untracked 
|  73|0x0000000087100000, 0x0000000087100000, 0x0000000087200000|  0%| F|  |TAMS 0x0000000087100000, 0x0000000087100000| Untracked 
|  74|0x0000000087200000, 0x0000000087200000, 0x0000000087300000|  0%| F|  |TAMS 0x0000000087200000, 0x0000000087200000| Untracked 
|  75|0x0000000087300000, 0x0000000087300000, 0x0000000087400000|  0%| F|  |TAMS 0x0000000087300000, 0x0000000087300000| Untracked 
|  76|0x0000000087400000, 0x0000000087400000, 0x0000000087500000|  0%| F|  |TAMS 0x0000000087400000, 0x0000000087400000| Untracked 
|  77|0x0000000087500000, 0x0000000087500000, 0x0000000087600000|  0%| F|  |TAMS 0x0000000087500000, 0x0000000087500000| Untracked 
|  78|0x0000000087600000, 0x0000000087600000, 0x0000000087700000|  0%| F|  |TAMS 0x0000000087600000, 0x0000000087600000| Untracked 
|  79|0x0000000087700000, 0x0000000087700000, 0x0000000087800000|  0%| F|  |TAMS 0x0000000087700000, 0x0000000087700000| Untracked 
|  80|0x0000000087800000, 0x0000000087800000, 0x0000000087900000|  0%| F|  |TAMS 0x0000000087800000, 0x0000000087800000| Untracked 
|  81|0x0000000087900000, 0x0000000087900000, 0x0000000087a00000|  0%| F|  |TAMS 0x0000000087900000, 0x0000000087900000| Untracked 
|  82|0x0000000087a00000, 0x0000000087a00000, 0x0000000087b00000|  0%| F|  |TAMS 0x0000000087a00000, 0x0000000087a00000| Untracked 
|  83|0x0000000087b00000, 0x0000000087b00000, 0x0000000087c00000|  0%| F|  |TAMS 0x0000000087b00000, 0x0000000087b00000| Untracked 
|  84|0x0000000087c00000, 0x0000000087c00000, 0x0000000087d00000|  0%| F|  |TAMS 0x0000000087c00000, 0x0000000087c00000| Untracked 
|  85|0x0000000087d00000, 0x0000000087d00000, 0x0000000087e00000|  0%| F|  |TAMS 0x0000000087d00000, 0x0000000087d00000| Untracked 
|  86|0x0000000087e00000, 0x0000000087e00000, 0x0000000087f00000|  0%| F|  |TAMS 0x0000000087e00000, 0x0000000087e00000| Untracked 
|  87|0x0000000087f00000, 0x0000000087f00000, 0x0000000088000000|  0%| F|  |TAMS 0x0000000087f00000, 0x0000000087f00000| Untracked 
|  88|0x0000000088000000, 0x0000000088000000, 0x0000000088100000|  0%| F|  |TAMS 0x0000000088000000, 0x0000000088000000| Untracked 
|  89|0x0000000088100000, 0x0000000088100000, 0x0000000088200000|  0%| F|  |TAMS 0x0000000088100000, 0x0000000088100000| Untracked 
|  90|0x0000000088200000, 0x0000000088200000, 0x0000000088300000|  0%| F|  |TAMS 0x0000000088200000, 0x0000000088200000| Untracked 
|  91|0x0000000088300000, 0x0000000088300000, 0x0000000088400000|  0%| F|  |TAMS 0x0000000088300000, 0x0000000088300000| Untracked 
|  92|0x0000000088400000, 0x0000000088400000, 0x0000000088500000|  0%| F|  |TAMS 0x0000000088400000, 0x0000000088400000| Untracked 
|  93|0x0000000088500000, 0x0000000088500000, 0x0000000088600000|  0%| F|  |TAMS 0x0000000088500000, 0x0000000088500000| Untracked 
|  94|0x0000000088600000, 0x0000000088600000, 0x0000000088700000|  0%| F|  |TAMS 0x0000000088600000, 0x0000000088600000| Untracked 
|  95|0x0000000088700000, 0x0000000088700000, 0x0000000088800000|  0%| F|  |TAMS 0x0000000088700000, 0x0000000088700000| Untracked 
|  96|0x0000000088800000, 0x0000000088800000, 0x0000000088900000|  0%| F|  |TAMS 0x0000000088800000, 0x0000000088800000| Untracked 
|  97|0x0000000088900000, 0x0000000088900000, 0x0000000088a00000|  0%| F|  |TAMS 0x0000000088900000, 0x0000000088900000| Untracked 
|  98|0x0000000088a00000, 0x0000000088a00000, 0x0000000088b00000|  0%| F|  |TAMS 0x0000000088a00000, 0x0000000088a00000| Untracked 
|  99|0x0000000088b00000, 0x0000000088b00000, 0x0000000088c00000|  0%| F|  |TAMS 0x0000000088b00000, 0x0000000088b00000| Untracked 
| 100|0x0000000088c00000, 0x0000000088c00000, 0x0000000088d00000|  0%| F|  |TAMS 0x0000000088c00000, 0x0000000088c00000| Untracked 
| 101|0x0000000088d00000, 0x0000000088d00000, 0x0000000088e00000|  0%| F|  |TAMS 0x0000000088d00000, 0x0000000088d00000| Untracked 
| 102|0x0000000088e00000, 0x0000000088e00000, 0x0000000088f00000|  0%| F|  |TAMS 0x0000000088e00000, 0x0000000088e00000| Untracked 
| 103|0x0000000088f00000, 0x0000000088f00000, 0x0000000089000000|  0%| F|  |TAMS 0x0000000088f00000, 0x0000000088f00000| Untracked 
| 104|0x0000000089000000, 0x0000000089000000, 0x0000000089100000|  0%| F|  |TAMS 0x0000000089000000, 0x0000000089000000| Untracked 
| 105|0x0000000089100000, 0x0000000089100000, 0x0000000089200000|  0%| F|  |TAMS 0x0000000089100000, 0x0000000089100000| Untracked 
| 106|0x0000000089200000, 0x0000000089200000, 0x0000000089300000|  0%| F|  |TAMS 0x0000000089200000, 0x0000000089200000| Untracked 
| 107|0x0000000089300000, 0x0000000089300000, 0x0000000089400000|  0%| F|  |TAMS 0x0000000089300000, 0x0000000089300000| Untracked 
| 108|0x0000000089400000, 0x0000000089400000, 0x0000000089500000|  0%| F|  |TAMS 0x0000000089400000, 0x0000000089400000| Untracked 
| 109|0x0000000089500000, 0x0000000089500000, 0x0000000089600000|  0%| F|  |TAMS 0x0000000089500000, 0x0000000089500000| Untracked 
| 110|0x0000000089600000, 0x0000000089600000, 0x0000000089700000|  0%| F|  |TAMS 0x0000000089600000, 0x0000000089600000| Untracked 
| 111|0x0000000089700000, 0x0000000089700000, 0x0000000089800000|  0%| F|  |TAMS 0x0000000089700000, 0x0000000089700000| Untracked 
| 112|0x0000000089800000, 0x0000000089800000, 0x0000000089900000|  0%| F|  |TAMS 0x0000000089800000, 0x0000000089800000| Untracked 
| 113|0x0000000089900000, 0x0000000089900000, 0x0000000089a00000|  0%| F|  |TAMS 0x0000000089900000, 0x0000000089900000| Untracked 
| 114|0x0000000089a00000, 0x0000000089a00000, 0x0000000089b00000|  0%| F|  |TAMS 0x0000000089a00000, 0x0000000089a00000| Untracked 
| 115|0x0000000089b00000, 0x0000000089b00000, 0x0000000089c00000|  0%| F|  |TAMS 0x0000000089b00000, 0x0000000089b00000| Untracked 
| 116|0x0000000089c00000, 0x0000000089c00000, 0x0000000089d00000|  0%| F|  |TAMS 0x0000000089c00000, 0x0000000089c00000| Untracked 
| 117|0x0000000089d00000, 0x0000000089d00000, 0x0000000089e00000|  0%| F|  |TAMS 0x0000000089d00000, 0x0000000089d00000| Untracked 
| 118|0x0000000089e00000, 0x0000000089e00000, 0x0000000089f00000|  0%| F|  |TAMS 0x0000000089e00000, 0x0000000089e00000| Untracked 
| 119|0x0000000089f00000, 0x0000000089f00000, 0x000000008a000000|  0%| F|  |TAMS 0x0000000089f00000, 0x0000000089f00000| Untracked 
| 120|0x000000008a000000, 0x000000008a000000, 0x000000008a100000|  0%| F|  |TAMS 0x000000008a000000, 0x000000008a000000| Untracked 
| 121|0x000000008a100000, 0x000000008a100000, 0x000000008a200000|  0%| F|  |TAMS 0x000000008a100000, 0x000000008a100000| Untracked 
| 122|0x000000008a200000, 0x000000008a200000, 0x000000008a300000|  0%| F|  |TAMS 0x000000008a200000, 0x000000008a200000| Untracked 
| 123|0x000000008a300000, 0x000000008a300000, 0x000000008a400000|  0%| F|  |TAMS 0x000000008a300000, 0x000000008a300000| Untracked 
| 124|0x000000008a400000, 0x000000008a400000, 0x000000008a500000|  0%| F|  |TAMS 0x000000008a400000, 0x000000008a400000| Untracked 
| 125|0x000000008a500000, 0x000000008a500000, 0x000000008a600000|  0%| F|  |TAMS 0x000000008a500000, 0x000000008a500000| Untracked 

Card table byte_map: [0x0000022526780000,0x0000022526b70000] _byte_map_base: 0x000002252636c000

Marking Bits (Prev, Next): (CMBitMap*) 0x000002250f8a3770, (CMBitMap*) 0x000002250f8a37b0
 Prev Bits: [0x0000022526f60000, 0x0000022528ec0000)
 Next Bits: [0x0000022528ec0000, 0x000002252ae20000)

Polling page: 0x000002250d7a0000

Metaspace:

Usage:
  Non-class:     16.95 MB used.
      Class:      2.13 MB used.
       Both:     19.08 MB used.

Virtual space:
  Non-class space:       24.00 MB reserved,      17.12 MB ( 71%) committed,  3 nodes.
      Class space:        1.00 GB reserved,       2.31 MB ( <1%) committed,  1 nodes.
             Both:        1.02 GB reserved,      19.44 MB (  2%) committed. 

Chunk freelists:
   Non-Class:  2.91 MB
       Class:  1.60 MB
        Both:  4.51 MB

MaxMetaspaceSize: unlimited
CompressedClassSpaceSize: 1.00 GB
Initial GC threshold: 21.00 MB
Current GC threshold: 21.00 MB
CDS: on
MetaspaceReclaimPolicy: balanced
 - commit_granule_bytes: 65536.
 - commit_granule_words: 8192.
 - virtual_space_node_default_size: 1048576.
 - enlarge_chunks_in_place: 1.
 - new_chunks_are_fully_committed: 0.
 - uncommit_free_chunks: 1.
 - use_allocation_guard: 0.
 - handle_deallocations: 1.


Internal statistics:

num_allocs_failed_limit: 0.
num_arena_births: 164.
num_arena_deaths: 0.
num_vsnodes_births: 4.
num_vsnodes_deaths: 0.
num_space_committed: 311.
num_space_uncommitted: 0.
num_chunks_returned_to_freelist: 0.
num_chunks_taken_from_freelist: 853.
num_chunk_merges: 0.
num_chunk_splits: 599.
num_chunks_enlarged: 471.
num_purges: 0.
num_inconsistent_stats: 0.

CodeHeap 'non-profiled nmethods': size=120000Kb used=2920Kb max_used=2920Kb free=117079Kb
 bounds [0x000002251eb30000, 0x000002251ee10000, 0x0000022526060000]
CodeHeap 'profiled nmethods': size=120000Kb used=10326Kb max_used=10326Kb free=109673Kb
 bounds [0x0000022517600000, 0x0000022518020000, 0x000002251eb30000]
CodeHeap 'non-nmethods': size=5760Kb used=1212Kb max_used=1274Kb free=4547Kb
 bounds [0x0000022517060000, 0x00000225172d0000, 0x0000022517600000]
 total_blobs=5300 nmethods=4785 adapters=427
 compilation: enabled
              stopped_count=0, restarted_count=0
 full_count=0

Compilation events (20 events):
Event: 5.315 Thread 0x000002252d818070 nmethod 4781 0x0000022518011c90 code [0x0000022518011ec0, 0x0000022518012828]
Event: 5.315 Thread 0x000002252d818070 4779       3       java.util.Formatter::ensureOpen (16 bytes)
Event: 5.315 Thread 0x000002252d818070 nmethod 4779 0x0000022518012990 code [0x0000022518012b40, 0x0000022518012d08]
Event: 5.315 Thread 0x000002252d8165c0 nmethod 4782 0x000002251ee09310 code [0x000002251ee09480, 0x000002251ee094f8]
Event: 5.315 Thread 0x000002252d818070 4778       3       java.io.BufferedWriter::ensureOpen (18 bytes)
Event: 5.315 Thread 0x000002252d818070 nmethod 4778 0x0000022518012e10 code [0x0000022518012fc0, 0x00000225180131c8]
Event: 5.315 Thread 0x000002252d818070 4777       1       jdk.internal.org.objectweb.asm.SymbolTable::getConstantPoolCount (5 bytes)
Event: 5.315 Thread 0x000002252d818070 nmethod 4777 0x000002251ee09610 code [0x000002251ee097a0, 0x000002251ee09878]
Event: 5.316 Thread 0x000002252d818070 4783       3       java.lang.invoke.TypeConvertingMethodAdapter::descriptorToName (36 bytes)
Event: 5.317 Thread 0x000002252d818070 nmethod 4783 0x0000022518013290 code [0x0000022518013520, 0x0000022518014188]
Event: 5.317 Thread 0x000002252d818070 4784       3       sun.invoke.util.VerifyAccess::getClassModifiers (24 bytes)
Event: 5.317 Thread 0x000002252d818070 nmethod 4784 0x0000022518014610 code [0x00000225180147c0, 0x0000022518014a18]
Event: 5.317 Thread 0x000002252d8165c0 4785       4       java.lang.String::compareTo (9 bytes)
Event: 5.318 Thread 0x000002252d818070 4786       3       java.util.zip.ZipEntry::setCrc (30 bytes)
Event: 5.318 Thread 0x000002252d818070 nmethod 4786 0x0000022518014b10 code [0x0000022518014cc0, 0x0000022518014f28]
Event: 5.318 Thread 0x000002252d8165c0 nmethod 4785 0x000002251ee09910 code [0x000002251ee09aa0, 0x000002251ee09cd8]
Event: 5.319 Thread 0x000002252d818070 4787       3       java.lang.reflect.Constructor::acquireConstructorAccessor (44 bytes)
Event: 5.319 Thread 0x000002252d818070 nmethod 4787 0x0000022518015010 code [0x0000022518015200, 0x00000225180156f8]
Event: 5.321 Thread 0x000002252d8165c0 4788       4       jdk.internal.org.objectweb.asm.ClassReader::readUnsignedShort (26 bytes)
Event: 5.322 Thread 0x000002252d8165c0 nmethod 4788 0x000002251ee09e10 code [0x000002251ee09f80, 0x000002251ee0a058]

GC Heap History (17 events):
Event: 0.826 GC heap before
{Heap before GC invocations=0 (full 0):
 garbage-first heap   total 129024K, used 22528K [0x0000000082800000, 0x0000000100000000)
  region size 1024K, 23 young (23552K), 0 survivors (0K)
 Metaspace       used 4865K, committed 5056K, reserved 1056768K
  class space    used 576K, committed 640K, reserved 1048576K
}
Event: 0.832 GC heap after
{Heap after GC invocations=1 (full 0):
 garbage-first heap   total 129024K, used 3477K [0x0000000082800000, 0x0000000100000000)
  region size 1024K, 3 young (3072K), 3 survivors (3072K)
 Metaspace       used 4865K, committed 5056K, reserved 1056768K
  class space    used 576K, committed 640K, reserved 1048576K
}
Event: 1.511 GC heap before
{Heap before GC invocations=1 (full 0):
 garbage-first heap   total 129024K, used 35221K [0x0000000082800000, 0x0000000100000000)
  region size 1024K, 34 young (34816K), 3 survivors (3072K)
 Metaspace       used 10319K, committed 10496K, reserved 1064960K
  class space    used 1265K, committed 1344K, reserved 1048576K
}
Event: 1.518 GC heap after
{Heap after GC invocations=2 (full 0):
 garbage-first heap   total 129024K, used 5921K [0x0000000082800000, 0x0000000100000000)
  region size 1024K, 3 young (3072K), 3 survivors (3072K)
 Metaspace       used 10319K, committed 10496K, reserved 1064960K
  class space    used 1265K, committed 1344K, reserved 1048576K
}
Event: 2.669 GC heap before
{Heap before GC invocations=2 (full 0):
 garbage-first heap   total 129024K, used 79649K [0x0000000082800000, 0x0000000100000000)
  region size 1024K, 75 young (76800K), 3 survivors (3072K)
 Metaspace       used 12789K, committed 12928K, reserved 1064960K
  class space    used 1449K, committed 1536K, reserved 1048576K
}
Event: 2.681 GC heap after
{Heap after GC invocations=3 (full 0):
 garbage-first heap   total 129024K, used 13209K [0x0000000082800000, 0x0000000100000000)
  region size 1024K, 10 young (10240K), 10 survivors (10240K)
 Metaspace       used 12789K, committed 12928K, reserved 1064960K
  class space    used 1449K, committed 1536K, reserved 1048576K
}
Event: 3.862 GC heap before
{Heap before GC invocations=3 (full 0):
 garbage-first heap   total 129024K, used 109465K [0x0000000082800000, 0x0000000100000000)
  region size 1024K, 73 young (74752K), 10 survivors (10240K)
 Metaspace       used 15872K, committed 16128K, reserved 1064960K
  class space    used 1710K, committed 1856K, reserved 1048576K
}
Event: 3.873 GC heap after
{Heap after GC invocations=4 (full 0):
 garbage-first heap   total 129024K, used 17004K [0x0000000082800000, 0x0000000100000000)
  region size 1024K, 5 young (5120K), 5 survivors (5120K)
 Metaspace       used 15872K, committed 16128K, reserved 1064960K
  class space    used 1710K, committed 1856K, reserved 1048576K
}
Event: 4.752 GC heap before
{Heap before GC invocations=4 (full 0):
 garbage-first heap   total 129024K, used 109164K [0x0000000082800000, 0x0000000100000000)
  region size 1024K, 72 young (73728K), 5 survivors (5120K)
 Metaspace       used 18379K, committed 18752K, reserved 1073152K
  class space    used 2036K, committed 2240K, reserved 1048576K
}
Event: 4.758 GC heap after
{Heap after GC invocations=5 (full 0):
 garbage-first heap   total 129024K, used 21213K [0x0000000082800000, 0x0000000100000000)
  region size 1024K, 8 young (8192K), 8 survivors (8192K)
 Metaspace       used 18379K, committed 18752K, reserved 1073152K
  class space    used 2036K, committed 2240K, reserved 1048576K
}
Event: 4.773 GC heap before
{Heap before GC invocations=5 (full 0):
 garbage-first heap   total 129024K, used 88797K [0x0000000082800000, 0x0000000100000000)
  region size 1024K, 75 young (76800K), 8 survivors (8192K)
 Metaspace       used 18379K, committed 18752K, reserved 1073152K
  class space    used 2036K, committed 2240K, reserved 1048576K
}
Event: 4.778 GC heap after
{Heap after GC invocations=6 (full 0):
 garbage-first heap   total 129024K, used 21366K [0x0000000082800000, 0x0000000100000000)
  region size 1024K, 4 young (4096K), 4 survivors (4096K)
 Metaspace       used 18379K, committed 18752K, reserved 1073152K
  class space    used 2036K, committed 2240K, reserved 1048576K
}
Event: 4.989 GC heap before
{Heap before GC invocations=6 (full 0):
 garbage-first heap   total 129024K, used 93046K [0x0000000082800000, 0x0000000100000000)
  region size 1024K, 75 young (76800K), 4 survivors (4096K)
 Metaspace       used 19404K, committed 19712K, reserved 1073152K
  class space    used 2160K, committed 2304K, reserved 1048576K
}
Event: 4.992 GC heap after
{Heap after GC invocations=7 (full 0):
 garbage-first heap   total 129024K, used 20601K [0x0000000082800000, 0x0000000100000000)
  region size 1024K, 5 young (5120K), 5 survivors (5120K)
 Metaspace       used 19404K, committed 19712K, reserved 1073152K
  class space    used 2160K, committed 2304K, reserved 1048576K
}
Event: 5.004 GC heap before
{Heap before GC invocations=7 (full 0):
 garbage-first heap   total 129024K, used 91257K [0x0000000082800000, 0x0000000100000000)
  region size 1024K, 75 young (76800K), 5 survivors (5120K)
 Metaspace       used 19404K, committed 19712K, reserved 1073152K
  class space    used 2160K, committed 2304K, reserved 1048576K
}
Event: 5.006 GC heap after
{Heap after GC invocations=8 (full 0):
 garbage-first heap   total 129024K, used 20342K [0x0000000082800000, 0x0000000100000000)
  region size 1024K, 4 young (4096K), 4 survivors (4096K)
 Metaspace       used 19404K, committed 19712K, reserved 1073152K
  class space    used 2160K, committed 2304K, reserved 1048576K
}
Event: 5.332 GC heap before
{Heap before GC invocations=8 (full 0):
 garbage-first heap   total 129024K, used 93046K [0x0000000082800000, 0x0000000100000000)
  region size 1024K, 75 young (76800K), 4 survivors (4096K)
 Metaspace       used 19534K, committed 19904K, reserved 1073152K
  class space    used 2178K, committed 2368K, reserved 1048576K
}

Deoptimization events (20 events):
Event: 4.813 Thread 0x000002250f862160 DEOPT PACKING pc=0x000002251eda9ee8 sp=0x00000033fe5fd500
Event: 4.813 Thread 0x000002250f862160 DEOPT UNPACKING pc=0x00000225170b23a3 sp=0x00000033fe5fd4d0 mode 2
Event: 4.813 Thread 0x000002250f862160 Uncommon trap: trap_request=0xffffffc6 fr.pc=0x000002251eda97b8 relative=0x0000000000000098
Event: 4.813 Thread 0x000002250f862160 Uncommon trap: reason=bimorphic_or_optimized_type_check action=maybe_recompile pc=0x000002251eda97b8 method=java.util.Collections$3.hasMoreElements()Z @ 4 c2
Event: 4.813 Thread 0x000002250f862160 DEOPT PACKING pc=0x000002251eda97b8 sp=0x00000033fe5fd540
Event: 4.813 Thread 0x000002250f862160 DEOPT UNPACKING pc=0x00000225170b23a3 sp=0x00000033fe5fd4d0 mode 2
Event: 4.818 Thread 0x000002250f862160 Uncommon trap: trap_request=0xffffffc6 fr.pc=0x000002251eda9ee8 relative=0x0000000000000448
Event: 4.818 Thread 0x000002250f862160 Uncommon trap: reason=bimorphic_or_optimized_type_check action=maybe_recompile pc=0x000002251eda9ee8 method=java.util.Collections$3.nextElement()Ljava/lang/Object; @ 4 c2
Event: 4.818 Thread 0x000002250f862160 DEOPT PACKING pc=0x000002251eda9ee8 sp=0x00000033fe5fd5d0
Event: 4.818 Thread 0x000002250f862160 DEOPT UNPACKING pc=0x00000225170b23a3 sp=0x00000033fe5fd5a0 mode 2
Event: 4.885 Thread 0x000002250f862160 Uncommon trap: trap_request=0xffffffec fr.pc=0x000002251ebf4e9c relative=0x000000000000007c
Event: 4.885 Thread 0x000002250f862160 Uncommon trap: reason=null_assert_or_unreached0 action=make_not_entrant pc=0x000002251ebf4e9c method=java.util.jar.JarFile.maybeInstantiateVerifier()V @ 4 c2
Event: 4.885 Thread 0x000002250f862160 DEOPT PACKING pc=0x000002251ebf4e9c sp=0x00000033fe5fd440
Event: 4.885 Thread 0x000002250f862160 DEOPT UNPACKING pc=0x00000225170b23a3 sp=0x00000033fe5fd3d0 mode 2
Event: 4.908 Thread 0x000002250f862160 Uncommon trap: trap_request=0xffffff45 fr.pc=0x000002251edef7d0 relative=0x0000000000000390
Event: 4.908 Thread 0x000002250f862160 Uncommon trap: reason=unstable_if action=reinterpret pc=0x000002251edef7d0 method=java.lang.StringConcatHelper.simpleConcat(Ljava/lang/Object;Ljava/lang/Object;)Ljava/lang/String; @ 30 c2
Event: 4.908 Thread 0x000002250f862160 DEOPT PACKING pc=0x000002251edef7d0 sp=0x00000033fe5fd3e0
Event: 4.908 Thread 0x000002250f862160 DEOPT UNPACKING pc=0x00000225170b23a3 sp=0x00000033fe5fd398 mode 2
Event: 5.164 Thread 0x000002250f862160 DEOPT PACKING pc=0x0000022517e209a7 sp=0x00000033fe5fd1f0
Event: 5.164 Thread 0x000002250f862160 DEOPT UNPACKING pc=0x00000225170b2b43 sp=0x00000033fe5fc790 mode 0

Classes unloaded (0 events):
No events

Classes redefined (0 events):
No events

Internal exceptions (20 events):
Event: 1.619 Thread 0x000002250f862160 Implicit null exception at 0x000002251eb5f1f2 to 0x000002251eb5f7bc
Event: 1.619 Thread 0x000002250f862160 Implicit null exception at 0x000002251eb58772 to 0x000002251eb58d4c
Event: 2.721 Thread 0x000002250f862160 Implicit null exception at 0x000002251ebd156a to 0x000002251ebd171c
Event: 2.721 Thread 0x000002250f862160 Implicit null exception at 0x000002251ebad26a to 0x000002251ebad424
Event: 2.721 Thread 0x000002250f862160 Implicit null exception at 0x000002251ebcdb0f to 0x000002251ebcdb89
Event: 2.945 Thread 0x000002250f862160 Implicit null exception at 0x000002251ecf3683 to 0x000002251ecf3fc8
Event: 2.984 Thread 0x000002250f862160 Exception <a 'java/lang/NoSuchMethodError'{0x000000008967d160}: 'int java.lang.invoke.DirectMethodHandle$Holder.invokeStatic(java.lang.Object, java.lang.Object, int)'> (0x000000008967d160) 
thrown [t:\workspace\open\src\hotspot\share\interpreter\linkResolver.cpp, line 766]
Event: 3.751 Thread 0x0000022531742d00 Exception <a 'java/lang/NoSuchMethodError'{0x00000000870bd3e8}: 'java.lang.Object java.lang.invoke.DirectMethodHandle$Holder.invokeStaticInit(java.lang.Object)'> (0x00000000870bd3e8) 
thrown [t:\workspace\open\src\hotspot\share\interpreter\linkResolver.cpp, line 766]
Event: 3.753 Thread 0x0000022531742d00 Exception <a 'java/lang/NoSuchMethodError'{0x00000000870c6ff0}: 'java.lang.Object java.lang.invoke.DirectMethodHandle$Holder.invokeStaticInit(java.lang.Object, java.lang.Object, long, java.lang.Object)'> (0x00000000870c6ff0) 
thrown [t:\workspace\open\src\hotspot\share\interpreter\linkResolver.cpp, line 766]
Event: 3.754 Thread 0x0000022531742d00 Exception <a 'java/lang/NoSuchMethodError'{0x00000000870cd8f8}: 'java.lang.Object java.lang.invoke.DirectMethodHandle$Holder.newInvokeSpecial(java.lang.Object, java.lang.Object, long)'> (0x00000000870cd8f8) 
thrown [t:\workspace\open\src\hotspot\share\interpreter\linkResolver.cpp, line 766]
Event: 3.754 Thread 0x0000022531742d00 Exception <a 'java/lang/NoSuchMethodError'{0x00000000870d1be8}: 'java.lang.Object java.lang.invoke.Invokers$Holder.linkToTargetMethod(java.lang.Object, long, java.lang.Object)'> (0x00000000870d1be8) 
thrown [t:\workspace\open\src\hotspot\share\interpreter\linkResolver.cpp, line 766]
Event: 4.026 Thread 0x000002250f862160 Implicit null exception at 0x000002251ebc5ad8 to 0x000002251ebc5b6e
Event: 4.033 Thread 0x000002250f862160 Exception <a 'java/lang/NoSuchMethodError'{0x0000000089b900e0}: 'void java.lang.invoke.DirectMethodHandle$Holder.invokeSpecial(java.lang.Object, java.lang.Object, java.lang.Object)'> (0x0000000089b900e0) 
thrown [t:\workspace\open\src\hotspot\share\interpreter\linkResolver.cpp, line 766]
Event: 4.134 Thread 0x000002250f862160 Exception <a 'java/lang/NoSuchMethodError'{0x0000000089971cb0}: 'void java.lang.invoke.DirectMethodHandle$Holder.invokeStatic(java.lang.Object, java.lang.Object)'> (0x0000000089971cb0) 
thrown [t:\workspace\open\src\hotspot\share\interpreter\linkResolver.cpp, line 766]
Event: 4.134 Thread 0x000002250f862160 Exception <a 'java/lang/NoSuchMethodError'{0x00000000899755c8}: 'void java.lang.invoke.DirectMethodHandle$Holder.invokeStaticInit(java.lang.Object, java.lang.Object)'> (0x00000000899755c8) 
thrown [t:\workspace\open\src\hotspot\share\interpreter\linkResolver.cpp, line 766]
Event: 4.149 Thread 0x000002250f862160 Exception <a 'java/lang/NoSuchMethodError'{0x00000000899ffc98}: 'java.lang.Object java.lang.invoke.DirectMethodHandle$Holder.invokeStatic(java.lang.Object, int, java.lang.Object)'> (0x00000000899ffc98) 
thrown [t:\workspace\open\src\hotspot\share\interpreter\linkResolver.cpp, line 766]
Event: 4.660 Thread 0x000002250f862160 Exception <a 'java/lang/NoClassDefFoundError'{0x0000000087b5ce28}: org/codehaus/plexus/util/io/CachingOutputStream> (0x0000000087b5ce28) 
thrown [t:\workspace\open\src\hotspot\share\classfile\systemDictionary.cpp, line 245]
Event: 4.792 Thread 0x000002250f862160 Exception <a 'java/lang/NoSuchMethodError'{0x000000008867c020}: 'void java.lang.invoke.DirectMethodHandle$Holder.invokeStatic(java.lang.Object, java.lang.Object, java.lang.Object, java.lang.Object)'> (0x000000008867c020) 
thrown [t:\workspace\open\src\hotspot\share\interpreter\linkResolver.cpp, line 766]
Event: 4.883 Thread 0x000002250f862160 Exception <a 'java/lang/NoSuchMethodError'{0x00000000884d1c30}: 'int java.lang.invoke.DirectMethodHandle$Holder.invokeStaticInit(java.lang.Object, java.lang.Object)'> (0x00000000884d1c30) 
thrown [t:\workspace\open\src\hotspot\share\interpreter\linkResolver.cpp, line 766]
Event: 5.312 Thread 0x000002250f862160 Exception <a 'java/lang/NoSuchMethodError'{0x00000000890cb678}: 'void java.lang.invoke.DirectMethodHandle$Holder.invokeStatic(java.lang.Object, java.lang.Object, java.lang.Object)'> (0x00000000890cb678) 
thrown [t:\workspace\open\src\hotspot\share\interpreter\linkResolver.cpp, line 766]

VM Operations (20 events):
Event: 4.043 Executing VM operation: HandshakeAllThreads done
Event: 4.142 Executing VM operation: HandshakeAllThreads
Event: 4.142 Executing VM operation: HandshakeAllThreads done
Event: 4.177 Executing VM operation: HandshakeAllThreads
Event: 4.177 Executing VM operation: HandshakeAllThreads done
Event: 4.177 Executing VM operation: HandshakeAllThreads
Event: 4.177 Executing VM operation: HandshakeAllThreads done
Event: 4.433 Executing VM operation: ICBufferFull
Event: 4.433 Executing VM operation: ICBufferFull done
Event: 4.675 Executing VM operation: ICBufferFull
Event: 4.675 Executing VM operation: ICBufferFull done
Event: 4.752 Executing VM operation: G1CollectForAllocation
Event: 4.758 Executing VM operation: G1CollectForAllocation done
Event: 4.773 Executing VM operation: G1CollectForAllocation
Event: 4.778 Executing VM operation: G1CollectForAllocation done
Event: 4.988 Executing VM operation: G1CollectForAllocation
Event: 4.992 Executing VM operation: G1CollectForAllocation done
Event: 5.004 Executing VM operation: G1CollectForAllocation
Event: 5.006 Executing VM operation: G1CollectForAllocation done
Event: 5.332 Executing VM operation: G1CollectForAllocation

Events (20 events):
Event: 4.882 loading class java/io/FileFilter done
Event: 4.884 loading class java/util/zip/ZipFile$ZipEntryIterator
Event: 4.884 loading class java/util/zip/ZipFile$ZipEntryIterator done
Event: 4.885 loading class sun/security/util/ManifestEntryVerifier
Event: 4.885 loading class sun/security/util/ManifestEntryVerifier done
Event: 4.911 loading class sun/security/util/SignatureFileVerifier
Event: 4.911 loading class sun/security/util/SignatureFileVerifier done
Event: 5.060 Thread 0x000002252ec394f0 Thread exited: 0x000002252ec394f0
Event: 5.317 loading class java/util/ComparableTimSort
Event: 5.317 loading class java/util/ComparableTimSort done
Event: 5.319 loading class java/util/stream/MatchOps$MatchKind
Event: 5.319 loading class java/util/stream/MatchOps$MatchKind done
Event: 5.319 loading class java/util/stream/MatchOps
Event: 5.320 loading class java/util/stream/MatchOps done
Event: 5.320 loading class java/util/stream/MatchOps$MatchOp
Event: 5.320 loading class java/util/stream/MatchOps$MatchOp done
Event: 5.320 loading class java/util/stream/MatchOps$BooleanTerminalSink
Event: 5.320 loading class java/util/stream/MatchOps$BooleanTerminalSink done
Event: 5.320 loading class java/util/stream/MatchOps$1MatchSink
Event: 5.320 loading class java/util/stream/MatchOps$1MatchSink done


Dynamic libraries:
0x00007ff692550000 - 0x00007ff692560000 	C:\Program Files\Java\jdk17.0.1\bin\java.exe
0x00007ffe6dd50000 - 0x00007ffe6df66000 	C:\WINDOWS\SYSTEM32\ntdll.dll
0x00007ffe6c5a0000 - 0x00007ffe6c664000 	C:\WINDOWS\System32\KERNEL32.DLL
0x00007ffe6b4c0000 - 0x00007ffe6b867000 	C:\WINDOWS\System32\KERNELBASE.dll
0x00007ffe6b070000 - 0x00007ffe6b181000 	C:\WINDOWS\System32\ucrtbase.dll
0x00007ffe554b0000 - 0x00007ffe554ca000 	C:\Program Files\Java\jdk17.0.1\bin\VCRUNTIME140.dll
0x00007ffe50610000 - 0x00007ffe50628000 	C:\Program Files\Java\jdk17.0.1\bin\jli.dll
0x00007ffe6bb00000 - 0x00007ffe6bbb2000 	C:\WINDOWS\System32\ADVAPI32.dll
0x00007ffe6be30000 - 0x00007ffe6bed7000 	C:\WINDOWS\System32\msvcrt.dll
0x00007ffe6c4f0000 - 0x00007ffe6c598000 	C:\WINDOWS\System32\sechost.dll
0x00007ffe6b930000 - 0x00007ffe6b958000 	C:\WINDOWS\System32\bcrypt.dll
0x00007ffe6bf50000 - 0x00007ffe6c065000 	C:\WINDOWS\System32\RPCRT4.dll
0x00007ffe6d2d0000 - 0x00007ffe6d47e000 	C:\WINDOWS\System32\USER32.dll
0x00007ffe6b190000 - 0x00007ffe6b1b6000 	C:\WINDOWS\System32\win32u.dll
0x00007ffe50ea0000 - 0x00007ffe51133000 	C:\WINDOWS\WinSxS\amd64_microsoft.windows.common-controls_6595b64144ccf1df_6.0.22621.3235_none_270f74e173860f98\COMCTL32.dll
0x00007ffe6d2a0000 - 0x00007ffe6d2c9000 	C:\WINDOWS\System32\GDI32.dll
0x00007ffe6b960000 - 0x00007ffe6ba79000 	C:\WINDOWS\System32\gdi32full.dll
0x00007ffe6b2b0000 - 0x00007ffe6b34a000 	C:\WINDOWS\System32\msvcp_win.dll
0x00007ffe616e0000 - 0x00007ffe616ea000 	C:\WINDOWS\SYSTEM32\VERSION.dll
0x00007ffe6d260000 - 0x00007ffe6d291000 	C:\WINDOWS\System32\IMM32.DLL
0x00007ffe59910000 - 0x00007ffe5991c000 	C:\Program Files\Java\jdk17.0.1\bin\vcruntime140_1.dll
0x00007ffe34dc0000 - 0x00007ffe34e4d000 	C:\Program Files\Java\jdk17.0.1\bin\msvcp140.dll
0x00007ffe131a0000 - 0x00007ffe13d5e000 	C:\Program Files\Java\jdk17.0.1\bin\server\jvm.dll
0x00007ffe6d250000 - 0x00007ffe6d258000 	C:\WINDOWS\System32\PSAPI.DLL
0x00007ffe63ba0000 - 0x00007ffe63bd4000 	C:\WINDOWS\SYSTEM32\WINMM.dll
0x00007ffe5b1f0000 - 0x00007ffe5b1f9000 	C:\WINDOWS\SYSTEM32\WSOCK32.dll
0x00007ffe6ba80000 - 0x00007ffe6baf1000 	C:\WINDOWS\System32\WS2_32.dll
0x00007ffe6a070000 - 0x00007ffe6a088000 	C:\WINDOWS\SYSTEM32\kernel.appcore.dll
0x00007ffe55e60000 - 0x00007ffe55e6a000 	C:\Program Files\Java\jdk17.0.1\bin\jimage.dll
0x00007ffe68890000 - 0x00007ffe68ac3000 	C:\WINDOWS\SYSTEM32\DBGHELP.DLL
0x00007ffe6c070000 - 0x00007ffe6c3f8000 	C:\WINDOWS\System32\combase.dll
0x00007ffe6d170000 - 0x00007ffe6d247000 	C:\WINDOWS\System32\OLEAUT32.dll
0x00007ffe4edb0000 - 0x00007ffe4ede2000 	C:\WINDOWS\SYSTEM32\dbgcore.DLL
0x00007ffe6b230000 - 0x00007ffe6b2a9000 	C:\WINDOWS\System32\bcryptPrimitives.dll
0x00007ffe48bf0000 - 0x00007ffe48c15000 	C:\Program Files\Java\jdk17.0.1\bin\java.dll
0x00007ffe32420000 - 0x00007ffe324f6000 	C:\Program Files\Java\jdk17.0.1\bin\svml.dll
0x00007ffe6d4b0000 - 0x00007ffe6dd0c000 	C:\WINDOWS\System32\SHELL32.dll
0x00007ffe68f80000 - 0x00007ffe69879000 	C:\WINDOWS\SYSTEM32\windows.storage.dll
0x00007ffe68e40000 - 0x00007ffe68f7e000 	C:\WINDOWS\SYSTEM32\wintypes.dll
0x00007ffe6c720000 - 0x00007ffe6c813000 	C:\WINDOWS\System32\SHCORE.dll
0x00007ffe6cca0000 - 0x00007ffe6ccfe000 	C:\WINDOWS\System32\shlwapi.dll
0x00007ffe6afa0000 - 0x00007ffe6afc1000 	C:\WINDOWS\SYSTEM32\profapi.dll
0x00007ffe4d260000 - 0x00007ffe4d279000 	C:\Program Files\Java\jdk17.0.1\bin\net.dll
0x00007ffe64030000 - 0x00007ffe64166000 	C:\WINDOWS\SYSTEM32\WINHTTP.dll
0x00007ffe6a4d0000 - 0x00007ffe6a539000 	C:\WINDOWS\system32\mswsock.dll
0x00007ffe4bf50000 - 0x00007ffe4bf65000 	C:\Program Files\Java\jdk17.0.1\bin\nio.dll
0x00007ffe48bd0000 - 0x00007ffe48be8000 	C:\Program Files\Java\jdk17.0.1\bin\zip.dll
0x0000000069ac0000 - 0x0000000069ae4000 	C:\Program Files\Maven\apache-maven-3.8.5\lib\jansi-native\Windows\x86_64\jansi.dll
0x00007ffe55d10000 - 0x00007ffe55d20000 	C:\Program Files\Java\jdk17.0.1\bin\verify.dll

dbghelp: loaded successfully - version: 4.0.5 - missing functions: none
symbol engine: initialized successfully - sym options: 0x614 - pdb path: .;C:\Program Files\Java\jdk17.0.1\bin;C:\WINDOWS\SYSTEM32;C:\WINDOWS\WinSxS\amd64_microsoft.windows.common-controls_6595b64144ccf1df_6.0.22621.3235_none_270f74e173860f98;C:\Program Files\Java\jdk17.0.1\bin\server;C:\Program Files\Maven\apache-maven-3.8.5\lib\jansi-native\Windows\x86_64

VM Arguments:
jvm_args: -Dclassworlds.conf=C:\Program Files\Maven\apache-maven-3.8.5\bin\m2.conf -Dmaven.home=C:\Program Files\Maven\apache-maven-3.8.5 -Dlibrary.jansi.path=C:\Program Files\Maven\apache-maven-3.8.5\lib\jansi-native -Dmaven.multiModuleProjectDirectory=D:\eclipse-workspace\primo-progetto 
java_command: org.codehaus.plexus.classworlds.launcher.Launcher package -DskipTests
java_class_path (initial): C:\Program Files\Maven\apache-maven-3.8.5\boot\plexus-classworlds-2.6.0.jar
Launcher Type: SUN_STANDARD

[Global flags]
     intx CICompilerCount                          = 4                                         {product} {ergonomic}
     uint ConcGCThreads                            = 2                                         {product} {ergonomic}
     uint G1ConcRefinementThreads                  = 8                                         {product} {ergonomic}
   size_t G1HeapRegionSize                         = 1048576                                   {product} {ergonomic}
    uintx GCDrainStackTargetSize                   = 64                                        {product} {ergonomic}
   size_t InitialHeapSize                          = 132120576                                 {product} {ergonomic}
   size_t MarkStackSize                            = 4194304                                   {product} {ergonomic}
   size_t MaxHeapSize                              = 2105540608                                {product} {ergonomic}
   size_t MaxNewSize                               = 1262485504                                {product} {ergonomic}
   size_t MinHeapDeltaBytes                        = 1048576                                   {product} {ergonomic}
   size_t MinHeapSize                              = 8388608                                   {product} {ergonomic}
    uintx NonNMethodCodeHeapSize                   = 5839372                                {pd product} {ergonomic}
    uintx NonProfiledCodeHeapSize                  = 122909434                              {pd product} {ergonomic}
    uintx ProfiledCodeHeapSize                     = 122909434                              {pd product} {ergonomic}
    uintx ReservedCodeCacheSize                    = 251658240                              {pd product} {ergonomic}
     bool SegmentedCodeCache                       = true                                      {product} {ergonomic}
   size_t SoftMaxHeapSize                          = 2105540608                             {manageable} {ergonomic}
     bool UseCompressedClassPointers               = true                           {product lp64_product} {ergonomic}
     bool UseCompressedOops                        = true                           {product lp64_product} {ergonomic}
     bool UseG1GC                                  = true                                      {product} {ergonomic}
     bool UseLargePagesIndividualAllocation        = false                                  {pd product} {ergonomic}

Logging:
Log output configuration:
 #0: stdout all=warning uptime,level,tags
 #1: stderr all=off uptime,level,tags

Environment Variables:
JAVA_HOME=C:\Program Files\Java\jdk17.0.1
PATH=C:\Program Files\Eclipse Adoptium\jdk-21.0.1.12-hotspot\bin;C:\Program Files (x86)\NVIDIA Corporation\PhysX\Common;C:\Windows\system32;C:\Windows;C:\Windows\System32\Wbem;C:\Windows\System32\WindowsPowerShell\v1.0\;C:\Windows\System32\OpenSSH\;C:\Program Files\dotnet\;C:\Program Files\Git\cmd;C:\Program Files\Maven\apache-maven-3.8.5\bin;C:\php;C:\Program Files\Java\scripts;C:\Users\Michelangelo\AppData\Local\Microsoft\WindowsApps;C:\ffmpeg\bin;C:\Users\Michelangelo\AppData\Local\GitHubDesktop\bin;C:\Users\Michelangelo\AppData\Local\Programs\Microsoft VS Code\bin;C:\Users\Michelangelo\AppData\Roaming\npm;C:\Program Files\Java\jdk17.0.1;C:\adb;C:\Program Files (x86)\Common Files\Oracle\Java\javapath;;C:\Program Files\nodejs\;C:\WINDOWS\system32;C:\WINDOWS;C:\WINDOWS\System32\Wbem;C:\WINDOWS\System32\WindowsPowerShell\v1.0\;C:\WINDOWS\System32\OpenSSH\;C:\Program Files\Docker\Docker\resources\bin;C:\Program Files (x86)\NVIDIA Corporation\PhysX\Common;C:\Windows\system32;C:\Windows;C:\Windows\System32\Wbem;C:\Windows\System32\WindowsPowerShell\v1.0\;C:\Windows\System32\OpenSSH\;C:\Program Files\dotnet\;C:\Program Files\Git\cmd;C:\Program Files\Maven\apache-maven-3.8.5\bin;C:\Program Files\nodejs\;C:\php;C:\Program Files\Java\scripts;C:\Users\Michelangelo\AppData\Local\Microsoft\WindowsApps;C:\ffmpeg\bin;C:\Users\Michelangelo\AppData\Local\GitHubDesktop\bin;C:\Users\Michelangelo\AppData\Local\Programs\Microsoft VS Code\bin;C:\Program Files\Java\jdk17.0.1;C:\adb;C:\Users\Michelangelo\adb;C:\Program Files\k8n;C:\Users\Michelangelo\AppData\Roaming\npm;%USERPROFILE%\AppData\Local\Microsoft\WindowsApps;
USERNAME=Michelangelo
OS=Windows_NT
PROCESSOR_IDENTIFIER=AMD64 Family 23 Model 24 Stepping 1, AuthenticAMD



---------------  S Y S T E M  ---------------

OS:
 Windows 10 , 64 bit Build 22621 (10.0.22621.3374)
OS uptime: 1 days 3:40 hours
Hyper-V role detected

CPU: total 8 (initial active 8) (8 cores per cpu, 2 threads per core) family 23 model 24 stepping 1 microcode 0x0, cx8, cmov, fxsr, ht, mmx, 3dnowpref, sse, sse2, sse3, ssse3, sse4a, sse4.1, sse4.2, popcnt, lzcnt, tsc, tscinvbit, avx, avx2, aes, clmul, bmi1, bmi2, adx, sha, fma, vzeroupper, clflush, clflushopt, hv

Memory: 4k page, system-wide physical 8024M (547M free)
TotalPageFile size 18024M (AvailPageFile size 85M)
current process WorkingSet (physical memory assigned to process): 212M, peak: 237M
current process commit charge ("private bytes"): 258M, peak: 384M

vm_info: Java HotSpot(TM) 64-Bit Server VM (17.0.1+12-LTS-39) for windows-amd64 JRE (17.0.1+12-LTS-39), built on Sep 27 2021 18:41:35 by "mach5one" with MS VC++ 16.8 (VS2019)

END.
