#
# There is insufficient memory for the Java Runtime Environment to continue.
# Native memory allocation (mmap) failed to map 132120576 bytes for G1 virtual space
# Possible reasons:
#   The system is out of physical RAM or swap space
#   The process is running with CompressedOops enabled, and the Java Heap may be blocking the growth of the native heap
# Possible solutions:
#   Reduce memory load on the system
#   Increase physical memory or swap space
#   Check if swap backing store is full
#   Decrease Java heap size (-Xmx/-Xms)
#   Decrease number of Java threads
#   Decrease Java thread stack sizes (-Xss)
#   Set larger code cache with -XX:ReservedCodeCacheSize=
#   JVM is running with Unscaled Compressed Oops mode in which the Java heap is
#     placed in the first 4GB address space. The Java Heap base address is the
#     maximum limit for the native heap growth. Please use -XX:HeapBaseMinAddress
#     to set the Java Heap base and to place the Java Heap above 4GB virtual address.
# This output file may be truncated or incomplete.
#
#  Out of Memory Error (os_windows.cpp:3469), pid=11940, tid=2984
#
# JRE version:  (17.0.1+12) (build )
# Java VM: Java HotSpot(TM) 64-Bit Server VM (17.0.1+12-LTS-39, mixed mode, sharing, tiered, compressed oops, compressed class ptrs, g1 gc, windows-amd64)
# No core dump will be written. Minidumps are not enabled by default on client versions of Windows
#

---------------  S U M M A R Y ------------

Command Line: C:\Users\Michelangelo\AppData\Local\Temp\surefire3027402438847218412\surefirebooter-20240429225738616_3.jar C:\Users\Michelangelo\AppData\Local\Temp\surefire3027402438847218412 2024-04-29T22-57-38_394-jvmRun1 surefire-20240429225738616_1tmp surefire_0-20240429225738616_2tmp

Host: AMD Ryzen 5 PRO 3350GE with Radeon Vega Graphic, 8 cores, 7G,  Windows 10 , 64 bit Build 22621 (10.0.22621.3374)
Time: Mon Apr 29 22:57:38 2024 ora legale Europa occidentale elapsed time: 0.014215 seconds (0d 0h 0m 0s)

---------------  T H R E A D  ---------------

Current thread (0x000002ec6eec2480):  JavaThread "Unknown thread" [_thread_in_vm, id=2984, stack(0x000000f7d3f00000,0x000000f7d4000000)]

Stack: [0x000000f7d3f00000,0x000000f7d4000000]
Native frames: (J=compiled Java code, j=interpreted, Vv=VM code, C=native code)
V  [jvm.dll+0x66fa1a]
V  [jvm.dll+0x7ce5a4]
V  [jvm.dll+0x7cfd4e]
V  [jvm.dll+0x7d03b3]
V  [jvm.dll+0x242b05]
V  [jvm.dll+0x66ca39]
V  [jvm.dll+0x661502]
V  [jvm.dll+0x30081b]
V  [jvm.dll+0x307da6]
V  [jvm.dll+0x357a1e]
V  [jvm.dll+0x357c4f]
V  [jvm.dll+0x2d7ad8]
V  [jvm.dll+0x2d8a44]
V  [jvm.dll+0x7a01e1]
V  [jvm.dll+0x365791]
V  [jvm.dll+0x77f6cc]
V  [jvm.dll+0x3e812f]
V  [jvm.dll+0x3e9bd1]
C  [jli.dll+0x527b]
C  [ucrtbase.dll+0x29333]
C  [KERNEL32.DLL+0x1257d]
C  [ntdll.dll+0x5aa48]


---------------  P R O C E S S  ---------------

Threads class SMR info:
_java_thread_list=0x00007fff393a7818, length=0, elements={
}

Java Threads: ( => current thread )

Other Threads:
  0x000002ec6ef01c50 GCTaskThread "GC Thread#0" [stack: 0x000000f7d4000000,0x000000f7d4100000] [id=17180]
  0x000002ec6ef12690 ConcurrentGCThread "G1 Main Marker" [stack: 0x000000f7d4100000,0x000000f7d4200000] [id=11644]
  0x000002ec6ef13840 ConcurrentGCThread "G1 Conc#0" [stack: 0x000000f7d4200000,0x000000f7d4300000] [id=13212]

[error occurred during error reporting (printing all threads), id 0xc0000005, EXCEPTION_ACCESS_VIOLATION (0xc0000005) at pc=0x00007fff38bf84b7]

VM state: not at safepoint (not fully initialized)

VM Mutex/Monitor currently owned by a thread:  ([mutex/lock_event])
[0x000002ec6eec0040] Heap_lock - owner thread: 0x000002ec6eec2480

Heap address: 0x0000000082800000, size: 2008 MB, Compressed Oops mode: 32-bit

CDS archive(s) mapped at: [0x0000000000000000-0x0000000000000000-0x0000000000000000), size 0, SharedBaseAddress: 0x0000000800000000, ArchiveRelocationMode: 0.
Narrow klass base: 0x0000000000000000, Narrow klass shift: 0, Narrow klass range: 0x0

GC Precious Log:
<Empty>

Heap:
 garbage-first heap   total 0K, used 0K [0x0000000082800000, 0x0000000100000000)
  region size 1024K, 0 young (0K), 0 survivors (0K)

[error occurred during error reporting (printing heap information), id 0xc0000005, EXCEPTION_ACCESS_VIOLATION (0xc0000005) at pc=0x00007fff38fd8d89]

GC Heap History (0 events):
No events

Deoptimization events (0 events):
No events

Classes unloaded (0 events):
No events

Classes redefined (0 events):
No events

Internal exceptions (0 events):
No events

VM Operations (0 events):
No events

Events (1 events):
Event: 0.009 Loaded shared library C:\Program Files\Java\jdk17.0.1\bin\java.dll


Dynamic libraries:
0x00007ff7bea50000 - 0x00007ff7bea60000 	C:\Program Files\Java\jdk17.0.1\bin\java.exe
0x00007fff9ddf0000 - 0x00007fff9e006000 	C:\WINDOWS\SYSTEM32\ntdll.dll
0x00007fff9cc00000 - 0x00007fff9ccc4000 	C:\WINDOWS\System32\KERNEL32.DLL
0x00007fff9b110000 - 0x00007fff9b4b7000 	C:\WINDOWS\System32\KERNELBASE.dll
0x00007fff9b8e0000 - 0x00007fff9b9f1000 	C:\WINDOWS\System32\ucrtbase.dll
0x00007fff80820000 - 0x00007fff80838000 	C:\Program Files\Java\jdk17.0.1\bin\jli.dll
0x00007fff80770000 - 0x00007fff8078a000 	C:\Program Files\Java\jdk17.0.1\bin\VCRUNTIME140.dll
0x00007fff9bb80000 - 0x00007fff9bc32000 	C:\WINDOWS\System32\ADVAPI32.dll
0x00007fff9dbd0000 - 0x00007fff9dc77000 	C:\WINDOWS\System32\msvcrt.dll
0x00007fff9bd70000 - 0x00007fff9be18000 	C:\WINDOWS\System32\sechost.dll
0x00007fff9bac0000 - 0x00007fff9bae8000 	C:\WINDOWS\System32\bcrypt.dll
0x00007fff9c050000 - 0x00007fff9c165000 	C:\WINDOWS\System32\RPCRT4.dll
0x00007fff9cd10000 - 0x00007fff9cebe000 	C:\WINDOWS\System32\USER32.dll
0x00007fff9baf0000 - 0x00007fff9bb16000 	C:\WINDOWS\System32\win32u.dll
0x00007fff81540000 - 0x00007fff817d3000 	C:\WINDOWS\WinSxS\amd64_microsoft.windows.common-controls_6595b64144ccf1df_6.0.22621.3235_none_270f74e173860f98\COMCTL32.dll
0x00007fff9bb40000 - 0x00007fff9bb69000 	C:\WINDOWS\System32\GDI32.dll
0x00007fff9b7c0000 - 0x00007fff9b8d9000 	C:\WINDOWS\System32\gdi32full.dll
0x00007fff9b630000 - 0x00007fff9b6ca000 	C:\WINDOWS\System32\msvcp_win.dll
0x00007fff91860000 - 0x00007fff9186a000 	C:\WINDOWS\SYSTEM32\VERSION.dll
0x00007fff9ccd0000 - 0x00007fff9cd01000 	C:\WINDOWS\System32\IMM32.DLL
0x00007fff916a0000 - 0x00007fff916ac000 	C:\Program Files\Java\jdk17.0.1\bin\vcruntime140_1.dll
0x00007fff7a5b0000 - 0x00007fff7a63d000 	C:\Program Files\Java\jdk17.0.1\bin\msvcp140.dll
0x00007fff38910000 - 0x00007fff394ce000 	C:\Program Files\Java\jdk17.0.1\bin\server\jvm.dll
0x00007fff9bd40000 - 0x00007fff9bd48000 	C:\WINDOWS\System32\PSAPI.DLL
0x00007fff96170000 - 0x00007fff96179000 	C:\WINDOWS\SYSTEM32\WSOCK32.dll
0x00007fff933d0000 - 0x00007fff93404000 	C:\WINDOWS\SYSTEM32\WINMM.dll
0x00007fff9c320000 - 0x00007fff9c391000 	C:\WINDOWS\System32\WS2_32.dll
0x00007fff9a0b0000 - 0x00007fff9a0c8000 	C:\WINDOWS\SYSTEM32\kernel.appcore.dll
0x00007fff87d00000 - 0x00007fff87d0a000 	C:\Program Files\Java\jdk17.0.1\bin\jimage.dll
0x00007fff98930000 - 0x00007fff98b63000 	C:\WINDOWS\SYSTEM32\DBGHELP.DLL
0x00007fff9cec0000 - 0x00007fff9d248000 	C:\WINDOWS\System32\combase.dll
0x00007fff9d6d0000 - 0x00007fff9d7a7000 	C:\WINDOWS\System32\OLEAUT32.dll
0x00007fff80990000 - 0x00007fff809c2000 	C:\WINDOWS\SYSTEM32\dbgcore.DLL
0x00007fff9b6d0000 - 0x00007fff9b749000 	C:\WINDOWS\System32\bcryptPrimitives.dll
0x00007fff80660000 - 0x00007fff80685000 	C:\Program Files\Java\jdk17.0.1\bin\java.dll

dbghelp: loaded successfully - version: 4.0.5 - missing functions: none
symbol engine: initialized successfully - sym options: 0x614 - pdb path: .;C:\Program Files\Java\jdk17.0.1\bin;C:\WINDOWS\SYSTEM32;C:\WINDOWS\WinSxS\amd64_microsoft.windows.common-controls_6595b64144ccf1df_6.0.22621.3235_none_270f74e173860f98;C:\Program Files\Java\jdk17.0.1\bin\server

VM Arguments:
java_command: C:\Users\Michelangelo\AppData\Local\Temp\surefire3027402438847218412\surefirebooter-20240429225738616_3.jar C:\Users\Michelangelo\AppData\Local\Temp\surefire3027402438847218412 2024-04-29T22-57-38_394-jvmRun1 surefire-20240429225738616_1tmp surefire_0-20240429225738616_2tmp
java_class_path (initial): C:\Users\Michelangelo\AppData\Local\Temp\surefire3027402438847218412\surefirebooter-20240429225738616_3.jar
Launcher Type: SUN_STANDARD

[Global flags]
     intx CICompilerCount                          = 4                                         {product} {ergonomic}
     uint ConcGCThreads                            = 2                                         {product} {ergonomic}
     uint G1ConcRefinementThreads                  = 8                                         {product} {ergonomic}
   size_t G1HeapRegionSize                         = 1048576                                   {product} {ergonomic}
    uintx GCDrainStackTargetSize                   = 64                                        {product} {ergonomic}
   size_t InitialHeapSize                          = 132120576                                 {product} {ergonomic}
   size_t MarkStackSize                            = 4194304                                   {product} {ergonomic}
   size_t MaxHeapSize                              = 2105540608                                {product} {ergonomic}
   size_t MinHeapDeltaBytes                        = 1048576                                   {product} {ergonomic}
   size_t MinHeapSize                              = 8388608                                   {product} {ergonomic}
    uintx NonNMethodCodeHeapSize                   = 5839372                                {pd product} {ergonomic}
    uintx NonProfiledCodeHeapSize                  = 122909434                              {pd product} {ergonomic}
    uintx ProfiledCodeHeapSize                     = 122909434                              {pd product} {ergonomic}
    uintx ReservedCodeCacheSize                    = 251658240                              {pd product} {ergonomic}
     bool SegmentedCodeCache                       = true                                      {product} {ergonomic}
   size_t SoftMaxHeapSize                          = 2105540608                             {manageable} {ergonomic}
     bool UseCompressedClassPointers               = true                           {product lp64_product} {ergonomic}
     bool UseCompressedOops                        = true                           {product lp64_product} {ergonomic}
     bool UseG1GC                                  = true                                      {product} {ergonomic}
     bool UseLargePagesIndividualAllocation        = false                                  {pd product} {ergonomic}

Logging:
Log output configuration:
 #0: stdout all=warning uptime,level,tags
 #1: stderr all=off uptime,level,tags

Environment Variables:
JAVA_HOME=C:\Program Files\Java\jdk17.0.1
PATH=C:\Program Files\Eclipse Adoptium\jdk-21.0.1.12-hotspot\bin;C:\Program Files (x86)\NVIDIA Corporation\PhysX\Common;C:\Windows\system32;C:\Windows;C:\Windows\System32\Wbem;C:\Windows\System32\WindowsPowerShell\v1.0\;C:\Windows\System32\OpenSSH\;C:\Program Files\dotnet\;C:\Program Files\Git\cmd;C:\Program Files\Maven\apache-maven-3.8.5\bin;C:\php;C:\Program Files\Java\scripts;C:\Users\Michelangelo\AppData\Local\Microsoft\WindowsApps;C:\ffmpeg\bin;C:\Users\Michelangelo\AppData\Local\GitHubDesktop\bin;C:\Users\Michelangelo\AppData\Local\Programs\Microsoft VS Code\bin;C:\Users\Michelangelo\AppData\Roaming\npm;C:\Program Files\Java\jdk17.0.1;C:\adb;C:\Program Files (x86)\Common Files\Oracle\Java\javapath;;C:\Program Files\nodejs\;C:\WINDOWS\system32;C:\WINDOWS;C:\WINDOWS\System32\Wbem;C:\WINDOWS\System32\WindowsPowerShell\v1.0\;C:\WINDOWS\System32\OpenSSH\;C:\Program Files\Docker\Docker\resources\bin;C:\Program Files (x86)\NVIDIA Corporation\PhysX\Common;C:\Windows\system32;C:\Windows;C:\Windows\System32\Wbem;C:\Windows\System32\WindowsPowerShell\v1.0\;C:\Windows\System32\OpenSSH\;C:\Program Files\dotnet\;C:\Program Files\Git\cmd;C:\Program Files\Maven\apache-maven-3.8.5\bin;C:\Program Files\nodejs\;C:\php;C:\Program Files\Java\scripts;C:\Users\Michelangelo\AppData\Local\Microsoft\WindowsApps;C:\ffmpeg\bin;C:\Users\Michelangelo\AppData\Local\GitHubDesktop\bin;C:\Users\Michelangelo\AppData\Local\Programs\Microsoft VS Code\bin;C:\Program Files\Java\jdk17.0.1;C:\adb;C:\Users\Michelangelo\adb;C:\Program Files\k8n;C:\Users\Michelangelo\AppData\Roaming\npm;%USERPROFILE%\AppData\Local\Microsoft\WindowsApps;
USERNAME=Michelangelo
OS=Windows_NT
PROCESSOR_IDENTIFIER=AMD64 Family 23 Model 24 Stepping 1, AuthenticAMD



---------------  S Y S T E M  ---------------

OS:
 Windows 10 , 64 bit Build 22621 (10.0.22621.3374)
OS uptime: 0 days 8:49 hours
Hyper-V role detected

CPU: total 8 (initial active 8) (8 cores per cpu, 2 threads per core) family 23 model 24 stepping 1 microcode 0x0, cx8, cmov, fxsr, ht, mmx, 3dnowpref, sse, sse2, sse3, ssse3, sse4a, sse4.1, sse4.2, popcnt, lzcnt, tsc, tscinvbit, avx, avx2, aes, clmul, bmi1, bmi2, adx, sha, fma, vzeroupper, clflush, clflushopt, hv

Memory: 4k page, system-wide physical 8024M (662M free)
TotalPageFile size 18024M (AvailPageFile size 79M)
current process WorkingSet (physical memory assigned to process): 11M, peak: 11M
current process commit charge ("private bytes"): 60M, peak: 186M

vm_info: Java HotSpot(TM) 64-Bit Server VM (17.0.1+12-LTS-39) for windows-amd64 JRE (17.0.1+12-LTS-39), built on Sep 27 2021 18:41:35 by "mach5one" with MS VC++ 16.8 (VS2019)

END.
