#
# There is insufficient memory for the Java Runtime Environment to continue.
# Native memory allocation (malloc) failed to allocate 518896 bytes for Chunk::new
# Possible reasons:
#   The system is out of physical RAM or swap space
#   The process is running with CompressedOops enabled, and the Java Heap may be blocking the growth of the native heap
# Possible solutions:
#   Reduce memory load on the system
#   Increase physical memory or swap space
#   Check if swap backing store is full
#   Decrease Java heap size (-Xmx/-Xms)
#   Decrease number of Java threads
#   Decrease Java thread stack sizes (-Xss)
#   Set larger code cache with -XX:ReservedCodeCacheSize=
#   JVM is running with Unscaled Compressed Oops mode in which the Java heap is
#     placed in the first 4GB address space. The Java Heap base address is the
#     maximum limit for the native heap growth. Please use -XX:HeapBaseMinAddress
#     to set the Java Heap base and to place the Java Heap above 4GB virtual address.
# This output file may be truncated or incomplete.
#
#  Out of Memory Error (arena.cpp:189), pid=15564, tid=18876
#
# JRE version: Java(TM) SE Runtime Environment (17.0.1+12) (build 17.0.1+12-LTS-39)
# Java VM: Java HotSpot(TM) 64-Bit Server VM (17.0.1+12-LTS-39, mixed mode, sharing, tiered, compressed oops, compressed class ptrs, g1 gc, windows-amd64)
# No core dump will be written. Minidumps are not enabled by default on client versions of Windows
#

---------------  S U M M A R Y ------------

Command Line: -Dclassworlds.conf=C:\Program Files\Maven\apache-maven-3.8.5\bin\m2.conf -Dmaven.home=C:\Program Files\Maven\apache-maven-3.8.5 -Dlibrary.jansi.path=C:\Program Files\Maven\apache-maven-3.8.5\lib\jansi-native -Dmaven.multiModuleProjectDirectory=D:\eclipse-workspace\primo-progetto org.codehaus.plexus.classworlds.launcher.Launcher package -DskipTests

Host: AMD Ryzen 5 PRO 3350GE with Radeon Vega Graphic, 8 cores, 7G,  Windows 10 , 64 bit Build 22621 (10.0.22621.3374)
Time: Wed May  1 17:59:58 2024 ora legale Europa occidentale elapsed time: 2.377937 seconds (0d 0h 0m 2s)

---------------  T H R E A D  ---------------

Current thread (0x000002036c45b390):  JavaThread "C2 CompilerThread1" daemon [_thread_in_native, id=18876, stack(0x00000030db600000,0x00000030db700000)]


Current CompileTask:
C2:   2377 2996       4       org.eclipse.sisu.inject.LocatedBeans$Itr::hasNext (161 bytes)

Stack: [0x00000030db600000,0x00000030db700000]
Native frames: (J=compiled Java code, j=interpreted, Vv=VM code, C=native code)
V  [jvm.dll+0x66fa1a]
V  [jvm.dll+0x7ce5a4]
V  [jvm.dll+0x7cfd4e]
V  [jvm.dll+0x7d03b3]
V  [jvm.dll+0x242b05]
V  [jvm.dll+0xaa05b]
V  [jvm.dll+0xaa5ec]
V  [jvm.dll+0x2a953f]
V  [jvm.dll+0x5785a9]
V  [jvm.dll+0x21dd7d]
V  [jvm.dll+0x21e15f]
V  [jvm.dll+0x217a2a]
V  [jvm.dll+0x214f05]
V  [jvm.dll+0x1a168d]
V  [jvm.dll+0x224848]
V  [jvm.dll+0x2229ac]
V  [jvm.dll+0x78435b]
V  [jvm.dll+0x77e91a]
V  [jvm.dll+0x66e845]
C  [ucrtbase.dll+0x29333]
C  [KERNEL32.DLL+0x1257d]
C  [ntdll.dll+0x5aa48]


---------------  P R O C E S S  ---------------

Threads class SMR info:
_java_thread_list=0x000002036be63d90, length=14, elements={
0x000002034b06af80, 0x000002036b0ef2e0, 0x000002036b0f0150, 0x000002036b1060f0,
0x000002036b106ca0, 0x000002036b109760, 0x000002036b10a720, 0x000002036b10b4b0,
0x000002036b118f70, 0x000002036b123980, 0x000002036bcba8a0, 0x000002036bcbfda0,
0x000002036c45b390, 0x000002036ce20850
}

Java Threads: ( => current thread )
  0x000002034b06af80 JavaThread "main" [_thread_in_native, id=2596, stack(0x00000030da300000,0x00000030da400000)]
  0x000002036b0ef2e0 JavaThread "Reference Handler" daemon [_thread_blocked, id=16356, stack(0x00000030daa00000,0x00000030dab00000)]
  0x000002036b0f0150 JavaThread "Finalizer" daemon [_thread_blocked, id=7784, stack(0x00000030dab00000,0x00000030dac00000)]
  0x000002036b1060f0 JavaThread "Signal Dispatcher" daemon [_thread_blocked, id=19828, stack(0x00000030dac00000,0x00000030dad00000)]
  0x000002036b106ca0 JavaThread "Attach Listener" daemon [_thread_blocked, id=17744, stack(0x00000030dad00000,0x00000030dae00000)]
  0x000002036b109760 JavaThread "Service Thread" daemon [_thread_blocked, id=12344, stack(0x00000030dae00000,0x00000030daf00000)]
  0x000002036b10a720 JavaThread "Monitor Deflation Thread" daemon [_thread_blocked, id=876, stack(0x00000030daf00000,0x00000030db000000)]
  0x000002036b10b4b0 JavaThread "C2 CompilerThread0" daemon [_thread_in_native, id=20248, stack(0x00000030db000000,0x00000030db100000)]
  0x000002036b118f70 JavaThread "C1 CompilerThread0" daemon [_thread_blocked, id=3056, stack(0x00000030db100000,0x00000030db200000)]
  0x000002036b123980 JavaThread "Sweeper thread" daemon [_thread_blocked, id=3256, stack(0x00000030db200000,0x00000030db300000)]
  0x000002036bcba8a0 JavaThread "Notification Thread" daemon [_thread_blocked, id=1604, stack(0x00000030db300000,0x00000030db400000)]
  0x000002036bcbfda0 JavaThread "Common-Cleaner" daemon [_thread_blocked, id=13068, stack(0x00000030db500000,0x00000030db600000)]
=>0x000002036c45b390 JavaThread "C2 CompilerThread1" daemon [_thread_in_native, id=18876, stack(0x00000030db600000,0x00000030db700000)]
  0x000002036ce20850 JavaThread "C2 CompilerThread2" daemon [_thread_blocked, id=6712, stack(0x00000030dbe00000,0x00000030dbf00000)]

Other Threads:
  0x000002036b0e82d0 VMThread "VM Thread" [stack: 0x00000030da900000,0x00000030daa00000] [id=7392]
  0x000002034d1c73d0 WatcherThread [stack: 0x00000030db400000,0x00000030db500000] [id=2284]
  0x000002034d193bd0 GCTaskThread "GC Thread#0" [stack: 0x00000030da400000,0x00000030da500000] [id=4844]
  0x000002036cd65cd0 GCTaskThread "GC Thread#1" [stack: 0x00000030db800000,0x00000030db900000] [id=18624]
  0x000002036bcdc260 GCTaskThread "GC Thread#2" [stack: 0x00000030db900000,0x00000030dba00000] [id=8252]
  0x000002036c515410 GCTaskThread "GC Thread#3" [stack: 0x00000030dba00000,0x00000030dbb00000] [id=16772]
  0x000002036c5156c0 GCTaskThread "GC Thread#4" [stack: 0x00000030dbb00000,0x00000030dbc00000] [id=6844]
  0x000002036c515970 GCTaskThread "GC Thread#5" [stack: 0x00000030dbc00000,0x00000030dbd00000] [id=14548]
  0x000002036c515c20 GCTaskThread "GC Thread#6" [stack: 0x00000030dbd00000,0x00000030dbe00000] [id=5476]
  0x000002036cc0f6e0 GCTaskThread "GC Thread#7" [stack: 0x00000030db700000,0x00000030db800000] [id=14260]
  0x000002034d1a4db0 ConcurrentGCThread "G1 Main Marker" [stack: 0x00000030da500000,0x00000030da600000] [id=19992]
  0x000002034d1a57c0 ConcurrentGCThread "G1 Conc#0" [stack: 0x00000030da600000,0x00000030da700000] [id=20228]
  0x000002034d210dd0 ConcurrentGCThread "G1 Refine#0" [stack: 0x00000030da700000,0x00000030da800000] [id=20052]
  0x000002034d2117f0 ConcurrentGCThread "G1 Service" [stack: 0x00000030da800000,0x00000030da900000] [id=16524]

Threads with active compile tasks:
C2 CompilerThread0     2410 2931   !   4       org.codehaus.plexus.interpolation.StringSearchInterpolator::interpolate (668 bytes)
C2 CompilerThread1     2410 2996       4       org.eclipse.sisu.inject.LocatedBeans$Itr::hasNext (161 bytes)

VM state: not at safepoint (normal execution)

VM Mutex/Monitor currently owned by a thread: None

Heap address: 0x0000000082800000, size: 2008 MB, Compressed Oops mode: 32-bit

CDS archive(s) mapped at: [0x0000000800000000-0x0000000800bc0000-0x0000000800bc0000), size 12320768, SharedBaseAddress: 0x0000000800000000, ArchiveRelocationMode: 0.
Compressed class space mapped at: 0x0000000800c00000-0x0000000840c00000, reserved size: 1073741824
Narrow klass base: 0x0000000800000000, Narrow klass shift: 0, Narrow klass range: 0x100000000

GC Precious Log:
 CPUs: 8 total, 8 available
 Memory: 8024M
 Large Page Support: Disabled
 NUMA Support: Disabled
 Compressed Oops: Enabled (32-bit)
 Heap Region Size: 1M
 Heap Min Capacity: 8M
 Heap Initial Capacity: 126M
 Heap Max Capacity: 2008M
 Pre-touch: Disabled
 Parallel Workers: 8
 Concurrent Workers: 2
 Concurrent Refinement Workers: 8
 Periodic GC: Disabled

Heap:
 garbage-first heap   total 129024K, used 59255K [0x0000000082800000, 0x0000000100000000)
  region size 1024K, 56 young (57344K), 3 survivors (3072K)
 Metaspace       used 12563K, committed 12736K, reserved 1064960K
  class space    used 1447K, committed 1536K, reserved 1048576K

Heap Regions: E=young(eden), S=young(survivor), O=old, HS=humongous(starts), HC=humongous(continues), CS=collection set, F=free, OA=open archive, CA=closed archive, TAMS=top-at-mark-start (previous, next)
|   0|0x0000000082800000, 0x0000000082900000, 0x0000000082900000|100%| O|  |TAMS 0x0000000082800000, 0x0000000082800000| Untracked 
|   1|0x0000000082900000, 0x0000000082a00000, 0x0000000082a00000|100%| O|  |TAMS 0x0000000082900000, 0x0000000082900000| Untracked 
|   2|0x0000000082a00000, 0x0000000082b00000, 0x0000000082b00000|100%| O|  |TAMS 0x0000000082a00000, 0x0000000082a00000| Untracked 
|   3|0x0000000082b00000, 0x0000000082b5bc00, 0x0000000082c00000| 35%| O|  |TAMS 0x0000000082b00000, 0x0000000082b00000| Untracked 
|   4|0x0000000082c00000, 0x0000000082c00000, 0x0000000082d00000|  0%| F|  |TAMS 0x0000000082c00000, 0x0000000082c00000| Untracked 
|   5|0x0000000082d00000, 0x0000000082d00000, 0x0000000082e00000|  0%| F|  |TAMS 0x0000000082d00000, 0x0000000082d00000| Untracked 
|   6|0x0000000082e00000, 0x0000000082e00000, 0x0000000082f00000|  0%| F|  |TAMS 0x0000000082e00000, 0x0000000082e00000| Untracked 
|   7|0x0000000082f00000, 0x0000000082f00000, 0x0000000083000000|  0%| F|  |TAMS 0x0000000082f00000, 0x0000000082f00000| Untracked 
|   8|0x0000000083000000, 0x0000000083000000, 0x0000000083100000|  0%| F|  |TAMS 0x0000000083000000, 0x0000000083000000| Untracked 
|   9|0x0000000083100000, 0x0000000083100000, 0x0000000083200000|  0%| F|  |TAMS 0x0000000083100000, 0x0000000083100000| Untracked 
|  10|0x0000000083200000, 0x0000000083200000, 0x0000000083300000|  0%| F|  |TAMS 0x0000000083200000, 0x0000000083200000| Untracked 
|  11|0x0000000083300000, 0x0000000083300000, 0x0000000083400000|  0%| F|  |TAMS 0x0000000083300000, 0x0000000083300000| Untracked 
|  12|0x0000000083400000, 0x0000000083400000, 0x0000000083500000|  0%| F|  |TAMS 0x0000000083400000, 0x0000000083400000| Untracked 
|  13|0x0000000083500000, 0x0000000083500000, 0x0000000083600000|  0%| F|  |TAMS 0x0000000083500000, 0x0000000083500000| Untracked 
|  14|0x0000000083600000, 0x0000000083600000, 0x0000000083700000|  0%| F|  |TAMS 0x0000000083600000, 0x0000000083600000| Untracked 
|  15|0x0000000083700000, 0x0000000083700000, 0x0000000083800000|  0%| F|  |TAMS 0x0000000083700000, 0x0000000083700000| Untracked 
|  16|0x0000000083800000, 0x0000000083800000, 0x0000000083900000|  0%| F|  |TAMS 0x0000000083800000, 0x0000000083800000| Untracked 
|  17|0x0000000083900000, 0x0000000083900000, 0x0000000083a00000|  0%| F|  |TAMS 0x0000000083900000, 0x0000000083900000| Untracked 
|  18|0x0000000083a00000, 0x0000000083a00000, 0x0000000083b00000|  0%| F|  |TAMS 0x0000000083a00000, 0x0000000083a00000| Untracked 
|  19|0x0000000083b00000, 0x0000000083b00000, 0x0000000083c00000|  0%| F|  |TAMS 0x0000000083b00000, 0x0000000083b00000| Untracked 
|  20|0x0000000083c00000, 0x0000000083c00000, 0x0000000083d00000|  0%| F|  |TAMS 0x0000000083c00000, 0x0000000083c00000| Untracked 
|  21|0x0000000083d00000, 0x0000000083d00000, 0x0000000083e00000|  0%| F|  |TAMS 0x0000000083d00000, 0x0000000083d00000| Untracked 
|  22|0x0000000083e00000, 0x0000000083e00000, 0x0000000083f00000|  0%| F|  |TAMS 0x0000000083e00000, 0x0000000083e00000| Untracked 
|  23|0x0000000083f00000, 0x0000000083f00000, 0x0000000084000000|  0%| F|  |TAMS 0x0000000083f00000, 0x0000000083f00000| Untracked 
|  24|0x0000000084000000, 0x0000000084000000, 0x0000000084100000|  0%| F|  |TAMS 0x0000000084000000, 0x0000000084000000| Untracked 
|  25|0x0000000084100000, 0x0000000084100000, 0x0000000084200000|  0%| F|  |TAMS 0x0000000084100000, 0x0000000084100000| Untracked 
|  26|0x0000000084200000, 0x0000000084200000, 0x0000000084300000|  0%| F|  |TAMS 0x0000000084200000, 0x0000000084200000| Untracked 
|  27|0x0000000084300000, 0x0000000084300000, 0x0000000084400000|  0%| F|  |TAMS 0x0000000084300000, 0x0000000084300000| Untracked 
|  28|0x0000000084400000, 0x0000000084400000, 0x0000000084500000|  0%| F|  |TAMS 0x0000000084400000, 0x0000000084400000| Untracked 
|  29|0x0000000084500000, 0x0000000084500000, 0x0000000084600000|  0%| F|  |TAMS 0x0000000084500000, 0x0000000084500000| Untracked 
|  30|0x0000000084600000, 0x0000000084600000, 0x0000000084700000|  0%| F|  |TAMS 0x0000000084600000, 0x0000000084600000| Untracked 
|  31|0x0000000084700000, 0x0000000084700000, 0x0000000084800000|  0%| F|  |TAMS 0x0000000084700000, 0x0000000084700000| Untracked 
|  32|0x0000000084800000, 0x0000000084800000, 0x0000000084900000|  0%| F|  |TAMS 0x0000000084800000, 0x0000000084800000| Untracked 
|  33|0x0000000084900000, 0x0000000084900000, 0x0000000084a00000|  0%| F|  |TAMS 0x0000000084900000, 0x0000000084900000| Untracked 
|  34|0x0000000084a00000, 0x0000000084a00000, 0x0000000084b00000|  0%| F|  |TAMS 0x0000000084a00000, 0x0000000084a00000| Untracked 
|  35|0x0000000084b00000, 0x0000000084b00000, 0x0000000084c00000|  0%| F|  |TAMS 0x0000000084b00000, 0x0000000084b00000| Untracked 
|  36|0x0000000084c00000, 0x0000000084c00000, 0x0000000084d00000|  0%| F|  |TAMS 0x0000000084c00000, 0x0000000084c00000| Untracked 
|  37|0x0000000084d00000, 0x0000000084d00000, 0x0000000084e00000|  0%| F|  |TAMS 0x0000000084d00000, 0x0000000084d00000| Untracked 
|  38|0x0000000084e00000, 0x0000000084e00000, 0x0000000084f00000|  0%| F|  |TAMS 0x0000000084e00000, 0x0000000084e00000| Untracked 
|  39|0x0000000084f00000, 0x0000000084f00000, 0x0000000085000000|  0%| F|  |TAMS 0x0000000084f00000, 0x0000000084f00000| Untracked 
|  40|0x0000000085000000, 0x0000000085000000, 0x0000000085100000|  0%| F|  |TAMS 0x0000000085000000, 0x0000000085000000| Untracked 
|  41|0x0000000085100000, 0x0000000085100000, 0x0000000085200000|  0%| F|  |TAMS 0x0000000085100000, 0x0000000085100000| Untracked 
|  42|0x0000000085200000, 0x0000000085200000, 0x0000000085300000|  0%| F|  |TAMS 0x0000000085200000, 0x0000000085200000| Untracked 
|  43|0x0000000085300000, 0x0000000085300000, 0x0000000085400000|  0%| F|  |TAMS 0x0000000085300000, 0x0000000085300000| Untracked 
|  44|0x0000000085400000, 0x0000000085400000, 0x0000000085500000|  0%| F|  |TAMS 0x0000000085400000, 0x0000000085400000| Untracked 
|  45|0x0000000085500000, 0x0000000085500000, 0x0000000085600000|  0%| F|  |TAMS 0x0000000085500000, 0x0000000085500000| Untracked 
|  46|0x0000000085600000, 0x0000000085600000, 0x0000000085700000|  0%| F|  |TAMS 0x0000000085600000, 0x0000000085600000| Untracked 
|  47|0x0000000085700000, 0x0000000085700000, 0x0000000085800000|  0%| F|  |TAMS 0x0000000085700000, 0x0000000085700000| Untracked 
|  48|0x0000000085800000, 0x0000000085800000, 0x0000000085900000|  0%| F|  |TAMS 0x0000000085800000, 0x0000000085800000| Untracked 
|  49|0x0000000085900000, 0x0000000085900000, 0x0000000085a00000|  0%| F|  |TAMS 0x0000000085900000, 0x0000000085900000| Untracked 
|  50|0x0000000085a00000, 0x0000000085a00000, 0x0000000085b00000|  0%| F|  |TAMS 0x0000000085a00000, 0x0000000085a00000| Untracked 
|  51|0x0000000085b00000, 0x0000000085b00000, 0x0000000085c00000|  0%| F|  |TAMS 0x0000000085b00000, 0x0000000085b00000| Untracked 
|  52|0x0000000085c00000, 0x0000000085c00000, 0x0000000085d00000|  0%| F|  |TAMS 0x0000000085c00000, 0x0000000085c00000| Untracked 
|  53|0x0000000085d00000, 0x0000000085d00000, 0x0000000085e00000|  0%| F|  |TAMS 0x0000000085d00000, 0x0000000085d00000| Untracked 
|  54|0x0000000085e00000, 0x0000000085e00000, 0x0000000085f00000|  0%| F|  |TAMS 0x0000000085e00000, 0x0000000085e00000| Untracked 
|  55|0x0000000085f00000, 0x0000000085f00000, 0x0000000086000000|  0%| F|  |TAMS 0x0000000085f00000, 0x0000000085f00000| Untracked 
|  56|0x0000000086000000, 0x0000000086000000, 0x0000000086100000|  0%| F|  |TAMS 0x0000000086000000, 0x0000000086000000| Untracked 
|  57|0x0000000086100000, 0x0000000086100000, 0x0000000086200000|  0%| F|  |TAMS 0x0000000086100000, 0x0000000086100000| Untracked 
|  58|0x0000000086200000, 0x0000000086200000, 0x0000000086300000|  0%| F|  |TAMS 0x0000000086200000, 0x0000000086200000| Untracked 
|  59|0x0000000086300000, 0x0000000086300000, 0x0000000086400000|  0%| F|  |TAMS 0x0000000086300000, 0x0000000086300000| Untracked 
|  60|0x0000000086400000, 0x0000000086400000, 0x0000000086500000|  0%| F|  |TAMS 0x0000000086400000, 0x0000000086400000| Untracked 
|  61|0x0000000086500000, 0x0000000086500000, 0x0000000086600000|  0%| F|  |TAMS 0x0000000086500000, 0x0000000086500000| Untracked 
|  62|0x0000000086600000, 0x0000000086600000, 0x0000000086700000|  0%| F|  |TAMS 0x0000000086600000, 0x0000000086600000| Untracked 
|  63|0x0000000086700000, 0x0000000086700000, 0x0000000086800000|  0%| F|  |TAMS 0x0000000086700000, 0x0000000086700000| Untracked 
|  64|0x0000000086800000, 0x0000000086800000, 0x0000000086900000|  0%| F|  |TAMS 0x0000000086800000, 0x0000000086800000| Untracked 
|  65|0x0000000086900000, 0x0000000086900000, 0x0000000086a00000|  0%| F|  |TAMS 0x0000000086900000, 0x0000000086900000| Untracked 
|  66|0x0000000086a00000, 0x0000000086a00000, 0x0000000086b00000|  0%| F|  |TAMS 0x0000000086a00000, 0x0000000086a00000| Untracked 
|  67|0x0000000086b00000, 0x0000000086b00000, 0x0000000086c00000|  0%| F|  |TAMS 0x0000000086b00000, 0x0000000086b00000| Untracked 
|  68|0x0000000086c00000, 0x0000000086c00000, 0x0000000086d00000|  0%| F|  |TAMS 0x0000000086c00000, 0x0000000086c00000| Untracked 
|  69|0x0000000086d00000, 0x0000000086d00000, 0x0000000086e00000|  0%| F|  |TAMS 0x0000000086d00000, 0x0000000086d00000| Untracked 
|  70|0x0000000086e00000, 0x0000000086f00000, 0x0000000086f00000|100%| E|  |TAMS 0x0000000086e00000, 0x0000000086e00000| Complete 
|  71|0x0000000086f00000, 0x0000000087000000, 0x0000000087000000|100%| E|CS|TAMS 0x0000000086f00000, 0x0000000086f00000| Complete 
|  72|0x0000000087000000, 0x0000000087100000, 0x0000000087100000|100%| E|CS|TAMS 0x0000000087000000, 0x0000000087000000| Complete 
|  73|0x0000000087100000, 0x0000000087200000, 0x0000000087200000|100%| E|CS|TAMS 0x0000000087100000, 0x0000000087100000| Complete 
|  74|0x0000000087200000, 0x0000000087300000, 0x0000000087300000|100%| E|CS|TAMS 0x0000000087200000, 0x0000000087200000| Complete 
|  75|0x0000000087300000, 0x0000000087400000, 0x0000000087400000|100%| E|CS|TAMS 0x0000000087300000, 0x0000000087300000| Complete 
|  76|0x0000000087400000, 0x0000000087500000, 0x0000000087500000|100%| E|CS|TAMS 0x0000000087400000, 0x0000000087400000| Complete 
|  77|0x0000000087500000, 0x0000000087600000, 0x0000000087600000|100%| E|CS|TAMS 0x0000000087500000, 0x0000000087500000| Complete 
|  78|0x0000000087600000, 0x0000000087700000, 0x0000000087700000|100%| E|CS|TAMS 0x0000000087600000, 0x0000000087600000| Complete 
|  79|0x0000000087700000, 0x0000000087800000, 0x0000000087800000|100%| E|CS|TAMS 0x0000000087700000, 0x0000000087700000| Complete 
|  80|0x0000000087800000, 0x0000000087900000, 0x0000000087900000|100%| E|CS|TAMS 0x0000000087800000, 0x0000000087800000| Complete 
|  81|0x0000000087900000, 0x0000000087a00000, 0x0000000087a00000|100%| E|CS|TAMS 0x0000000087900000, 0x0000000087900000| Complete 
|  82|0x0000000087a00000, 0x0000000087b00000, 0x0000000087b00000|100%| E|CS|TAMS 0x0000000087a00000, 0x0000000087a00000| Complete 
|  83|0x0000000087b00000, 0x0000000087c00000, 0x0000000087c00000|100%| E|CS|TAMS 0x0000000087b00000, 0x0000000087b00000| Complete 
|  84|0x0000000087c00000, 0x0000000087d00000, 0x0000000087d00000|100%| E|CS|TAMS 0x0000000087c00000, 0x0000000087c00000| Complete 
|  85|0x0000000087d00000, 0x0000000087e00000, 0x0000000087e00000|100%| E|CS|TAMS 0x0000000087d00000, 0x0000000087d00000| Complete 
|  86|0x0000000087e00000, 0x0000000087f00000, 0x0000000087f00000|100%| E|CS|TAMS 0x0000000087e00000, 0x0000000087e00000| Complete 
|  87|0x0000000087f00000, 0x0000000088000000, 0x0000000088000000|100%| E|CS|TAMS 0x0000000087f00000, 0x0000000087f00000| Complete 
|  88|0x0000000088000000, 0x0000000088082230, 0x0000000088100000| 50%| S|CS|TAMS 0x0000000088000000, 0x0000000088000000| Complete 
|  89|0x0000000088100000, 0x0000000088200000, 0x0000000088200000|100%| S|CS|TAMS 0x0000000088100000, 0x0000000088100000| Complete 
|  90|0x0000000088200000, 0x0000000088300000, 0x0000000088300000|100%| S|CS|TAMS 0x0000000088200000, 0x0000000088200000| Complete 
|  91|0x0000000088300000, 0x0000000088400000, 0x0000000088400000|100%| E|CS|TAMS 0x0000000088300000, 0x0000000088300000| Complete 
|  92|0x0000000088400000, 0x0000000088500000, 0x0000000088500000|100%| E|CS|TAMS 0x0000000088400000, 0x0000000088400000| Complete 
|  93|0x0000000088500000, 0x0000000088600000, 0x0000000088600000|100%| E|CS|TAMS 0x0000000088500000, 0x0000000088500000| Complete 
|  94|0x0000000088600000, 0x0000000088700000, 0x0000000088700000|100%| E|CS|TAMS 0x0000000088600000, 0x0000000088600000| Complete 
|  95|0x0000000088700000, 0x0000000088800000, 0x0000000088800000|100%| E|CS|TAMS 0x0000000088700000, 0x0000000088700000| Complete 
|  96|0x0000000088800000, 0x0000000088900000, 0x0000000088900000|100%| E|CS|TAMS 0x0000000088800000, 0x0000000088800000| Complete 
|  97|0x0000000088900000, 0x0000000088a00000, 0x0000000088a00000|100%| E|CS|TAMS 0x0000000088900000, 0x0000000088900000| Complete 
|  98|0x0000000088a00000, 0x0000000088b00000, 0x0000000088b00000|100%| E|CS|TAMS 0x0000000088a00000, 0x0000000088a00000| Complete 
|  99|0x0000000088b00000, 0x0000000088c00000, 0x0000000088c00000|100%| E|CS|TAMS 0x0000000088b00000, 0x0000000088b00000| Complete 
| 100|0x0000000088c00000, 0x0000000088d00000, 0x0000000088d00000|100%| E|CS|TAMS 0x0000000088c00000, 0x0000000088c00000| Complete 
| 101|0x0000000088d00000, 0x0000000088e00000, 0x0000000088e00000|100%| E|CS|TAMS 0x0000000088d00000, 0x0000000088d00000| Complete 
| 102|0x0000000088e00000, 0x0000000088f00000, 0x0000000088f00000|100%| E|CS|TAMS 0x0000000088e00000, 0x0000000088e00000| Complete 
| 103|0x0000000088f00000, 0x0000000089000000, 0x0000000089000000|100%| E|CS|TAMS 0x0000000088f00000, 0x0000000088f00000| Complete 
| 104|0x0000000089000000, 0x0000000089100000, 0x0000000089100000|100%| E|CS|TAMS 0x0000000089000000, 0x0000000089000000| Complete 
| 105|0x0000000089100000, 0x0000000089200000, 0x0000000089200000|100%| E|CS|TAMS 0x0000000089100000, 0x0000000089100000| Complete 
| 106|0x0000000089200000, 0x0000000089300000, 0x0000000089300000|100%| E|CS|TAMS 0x0000000089200000, 0x0000000089200000| Complete 
| 107|0x0000000089300000, 0x0000000089400000, 0x0000000089400000|100%| E|CS|TAMS 0x0000000089300000, 0x0000000089300000| Complete 
| 108|0x0000000089400000, 0x0000000089500000, 0x0000000089500000|100%| E|CS|TAMS 0x0000000089400000, 0x0000000089400000| Complete 
| 109|0x0000000089500000, 0x0000000089600000, 0x0000000089600000|100%| E|CS|TAMS 0x0000000089500000, 0x0000000089500000| Complete 
| 110|0x0000000089600000, 0x0000000089700000, 0x0000000089700000|100%| E|CS|TAMS 0x0000000089600000, 0x0000000089600000| Complete 
| 111|0x0000000089700000, 0x0000000089800000, 0x0000000089800000|100%| E|CS|TAMS 0x0000000089700000, 0x0000000089700000| Complete 
| 112|0x0000000089800000, 0x0000000089900000, 0x0000000089900000|100%| E|CS|TAMS 0x0000000089800000, 0x0000000089800000| Complete 
| 113|0x0000000089900000, 0x0000000089a00000, 0x0000000089a00000|100%| E|CS|TAMS 0x0000000089900000, 0x0000000089900000| Complete 
| 114|0x0000000089a00000, 0x0000000089b00000, 0x0000000089b00000|100%| E|CS|TAMS 0x0000000089a00000, 0x0000000089a00000| Complete 
| 115|0x0000000089b00000, 0x0000000089c00000, 0x0000000089c00000|100%| E|CS|TAMS 0x0000000089b00000, 0x0000000089b00000| Complete 
| 116|0x0000000089c00000, 0x0000000089d00000, 0x0000000089d00000|100%| E|CS|TAMS 0x0000000089c00000, 0x0000000089c00000| Complete 
| 117|0x0000000089d00000, 0x0000000089e00000, 0x0000000089e00000|100%| E|CS|TAMS 0x0000000089d00000, 0x0000000089d00000| Complete 
| 118|0x0000000089e00000, 0x0000000089f00000, 0x0000000089f00000|100%| E|CS|TAMS 0x0000000089e00000, 0x0000000089e00000| Complete 
| 119|0x0000000089f00000, 0x000000008a000000, 0x000000008a000000|100%| E|CS|TAMS 0x0000000089f00000, 0x0000000089f00000| Complete 
| 120|0x000000008a000000, 0x000000008a100000, 0x000000008a100000|100%| E|CS|TAMS 0x000000008a000000, 0x000000008a000000| Complete 
| 121|0x000000008a100000, 0x000000008a200000, 0x000000008a200000|100%| E|CS|TAMS 0x000000008a100000, 0x000000008a100000| Complete 
| 122|0x000000008a200000, 0x000000008a300000, 0x000000008a300000|100%| E|CS|TAMS 0x000000008a200000, 0x000000008a200000| Complete 
| 123|0x000000008a300000, 0x000000008a400000, 0x000000008a400000|100%| E|CS|TAMS 0x000000008a300000, 0x000000008a300000| Complete 
| 124|0x000000008a400000, 0x000000008a500000, 0x000000008a500000|100%| E|CS|TAMS 0x000000008a400000, 0x000000008a400000| Complete 
| 125|0x000000008a500000, 0x000000008a600000, 0x000000008a600000|100%| E|CS|TAMS 0x000000008a500000, 0x000000008a500000| Complete 

Card table byte_map: [0x0000020364070000,0x0000020364460000] _byte_map_base: 0x0000020363c5c000

Marking Bits (Prev, Next): (CMBitMap*) 0x000002034d1941e0, (CMBitMap*) 0x000002034d194220
 Prev Bits: [0x0000020364850000, 0x00000203667b0000)
 Next Bits: [0x00000203667b0000, 0x0000020368710000)

Polling page: 0x000002034b090000

Metaspace:

Usage:
  Non-class:     10.86 MB used.
      Class:      1.41 MB used.
       Both:     12.27 MB used.

Virtual space:
  Non-class space:       16.00 MB reserved,      10.94 MB ( 68%) committed,  2 nodes.
      Class space:        1.00 GB reserved,       1.50 MB ( <1%) committed,  1 nodes.
             Both:        1.02 GB reserved,      12.44 MB (  1%) committed. 

Chunk freelists:
   Non-Class:  3.71 MB
       Class:  2.53 MB
        Both:  6.25 MB

MaxMetaspaceSize: unlimited
CompressedClassSpaceSize: 1.00 GB
Initial GC threshold: 21.00 MB
Current GC threshold: 21.00 MB
CDS: on
MetaspaceReclaimPolicy: balanced
 - commit_granule_bytes: 65536.
 - commit_granule_words: 8192.
 - virtual_space_node_default_size: 1048576.
 - enlarge_chunks_in_place: 1.
 - new_chunks_are_fully_committed: 0.
 - uncommit_free_chunks: 1.
 - use_allocation_guard: 0.
 - handle_deallocations: 1.


Internal statistics:

num_allocs_failed_limit: 0.
num_arena_births: 66.
num_arena_deaths: 0.
num_vsnodes_births: 3.
num_vsnodes_deaths: 0.
num_space_committed: 199.
num_space_uncommitted: 0.
num_chunks_returned_to_freelist: 0.
num_chunks_taken_from_freelist: 479.
num_chunk_merges: 0.
num_chunk_splits: 350.
num_chunks_enlarged: 284.
num_purges: 0.
num_inconsistent_stats: 0.

CodeHeap 'non-profiled nmethods': size=120000Kb used=1455Kb max_used=1455Kb free=118544Kb
 bounds [0x000002035c420000, 0x000002035c690000, 0x0000020363950000]
CodeHeap 'profiled nmethods': size=120000Kb used=6044Kb max_used=6044Kb free=113955Kb
 bounds [0x0000020354ef0000, 0x00000203554e0000, 0x000002035c420000]
CodeHeap 'non-nmethods': size=5760Kb used=1171Kb max_used=1209Kb free=4588Kb
 bounds [0x0000020354950000, 0x0000020354bc0000, 0x0000020354ef0000]
 total_blobs=3514 nmethods=3054 adapters=372
 compilation: enabled
              stopped_count=0, restarted_count=0
 full_count=0

Compilation events (20 events):
Event: 2.361 Thread 0x000002036b118f70 3026       1       org.eclipse.aether.DefaultRepositorySystemSession::getUserProperties (5 bytes)
Event: 2.361 Thread 0x000002036b118f70 nmethod 3026 0x000002035c580e10 code [0x000002035c580fa0, 0x000002035c581078]
Event: 2.362 Thread 0x000002036b118f70 3027       1       org.apache.maven.model.Parent::setVersion (6 bytes)
Event: 2.362 Thread 0x000002036b118f70 nmethod 3027 0x000002035c581110 code [0x000002035c5812a0, 0x000002035c5813b8]
Event: 2.365 Thread 0x000002036b118f70 3028       3       org.apache.maven.model.merge.ModelMerger$MergingList::iterator (32 bytes)
Event: 2.365 Thread 0x000002036b118f70 nmethod 3028 0x00000203554bd790 code [0x00000203554bd960, 0x00000203554bdd28]
Event: 2.365 Thread 0x000002036b118f70 3029       3       org.apache.maven.model.path.DefaultUrlNormalizer::normalize (122 bytes)
Event: 2.369 Thread 0x000002036b118f70 nmethod 3029 0x00000203554bde90 code [0x00000203554be220, 0x00000203554bf758]
Event: 2.369 Thread 0x000002036b118f70 3030  s    3       java.util.Properties::putAll (9 bytes)
Event: 2.370 Thread 0x000002036b118f70 nmethod 3030 0x00000203554bff10 code [0x00000203554c00c0, 0x00000203554c02c8]
Event: 2.370 Thread 0x000002036b118f70 3031       3       java.util.concurrent.ConcurrentHashMap::keySet (26 bytes)
Event: 2.370 Thread 0x000002036b118f70 nmethod 3031 0x00000203554c0390 code [0x00000203554c0540, 0x00000203554c08d8]
Event: 2.370 Thread 0x000002036b118f70 3032       3       java.util.concurrent.ConcurrentHashMap$KeySetView::<init> (11 bytes)
Event: 2.370 Thread 0x000002036b118f70 nmethod 3032 0x00000203554c0a10 code [0x00000203554c0bc0, 0x00000203554c0e38]
Event: 2.370 Thread 0x000002036b118f70 3034       1       org.eclipse.aether.util.version.GenericVersionConstraint::getRange (5 bytes)
Event: 2.370 Thread 0x000002036b118f70 nmethod 3034 0x000002035c581410 code [0x000002035c5815a0, 0x000002035c581678]
Event: 2.370 Thread 0x000002036b118f70 3033       1       org.apache.maven.model.Parent::getRelativePath (5 bytes)
Event: 2.371 Thread 0x000002036b118f70 nmethod 3033 0x000002035c581710 code [0x000002035c5818a0, 0x000002035c581978]
Event: 2.371 Thread 0x000002036b118f70 3035       3       java.io.File::getAbsolutePath (8 bytes)
Event: 2.372 Thread 0x000002036b118f70 nmethod 3035 0x00000203554c0f10 code [0x00000203554c10c0, 0x00000203554c1208]

GC Heap History (4 events):
Event: 0.836 GC heap before
{Heap before GC invocations=0 (full 0):
 garbage-first heap   total 129024K, used 22528K [0x0000000082800000, 0x0000000100000000)
  region size 1024K, 23 young (23552K), 0 survivors (0K)
 Metaspace       used 4821K, committed 4928K, reserved 1056768K
  class space    used 571K, committed 640K, reserved 1048576K
}
Event: 0.840 GC heap after
{Heap after GC invocations=1 (full 0):
 garbage-first heap   total 129024K, used 3507K [0x0000000082800000, 0x0000000100000000)
  region size 1024K, 3 young (3072K), 3 survivors (3072K)
 Metaspace       used 4821K, committed 4928K, reserved 1056768K
  class space    used 571K, committed 640K, reserved 1048576K
}
Event: 1.532 GC heap before
{Heap before GC invocations=1 (full 0):
 garbage-first heap   total 129024K, used 36275K [0x0000000082800000, 0x0000000100000000)
  region size 1024K, 35 young (35840K), 3 survivors (3072K)
 Metaspace       used 10449K, committed 10560K, reserved 1064960K
  class space    used 1272K, committed 1344K, reserved 1048576K
}
Event: 1.540 GC heap after
{Heap after GC invocations=2 (full 0):
 garbage-first heap   total 129024K, used 6007K [0x0000000082800000, 0x0000000100000000)
  region size 1024K, 3 young (3072K), 3 survivors (3072K)
 Metaspace       used 10449K, committed 10560K, reserved 1064960K
  class space    used 1272K, committed 1344K, reserved 1048576K
}

Deoptimization events (20 events):
Event: 2.195 Thread 0x000002034b06af80 Uncommon trap: trap_request=0xffffff45 fr.pc=0x000002035c561a44 relative=0x00000000000000a4
Event: 2.195 Thread 0x000002034b06af80 Uncommon trap: reason=unstable_if action=reinterpret pc=0x000002035c561a44 method=org.apache.maven.model.io.xpp3.MavenXpp3Reader.nextTag(Lorg/codehaus/plexus/util/xml/pull/XmlPullParser;)I @ 9 c2
Event: 2.195 Thread 0x000002034b06af80 DEOPT PACKING pc=0x000002035c561a44 sp=0x00000030da3fbdf0
Event: 2.195 Thread 0x000002034b06af80 DEOPT UNPACKING pc=0x00000203549a23a3 sp=0x00000030da3fbd80 mode 2
Event: 2.208 Thread 0x000002034b06af80 Uncommon trap: trap_request=0xffffffbe fr.pc=0x000002035c566144 relative=0x00000000000016c4
Event: 2.208 Thread 0x000002034b06af80 Uncommon trap: reason=profile_predicate action=maybe_recompile pc=0x000002035c566144 method=java.util.regex.Pattern$CharPropertyGreedy.match(Ljava/util/regex/Matcher;ILjava/lang/CharSequence;)Z @ 15 c2
Event: 2.208 Thread 0x000002034b06af80 DEOPT PACKING pc=0x000002035c566144 sp=0x00000030da3fb680
Event: 2.208 Thread 0x000002034b06af80 DEOPT UNPACKING pc=0x00000203549a23a3 sp=0x00000030da3fb630 mode 2
Event: 2.211 Thread 0x000002034b06af80 Uncommon trap: trap_request=0xffffffbe fr.pc=0x000002035c566144 relative=0x00000000000016c4
Event: 2.211 Thread 0x000002034b06af80 Uncommon trap: reason=profile_predicate action=maybe_recompile pc=0x000002035c566144 method=java.util.regex.Pattern$CharPropertyGreedy.match(Ljava/util/regex/Matcher;ILjava/lang/CharSequence;)Z @ 15 c2
Event: 2.211 Thread 0x000002034b06af80 DEOPT PACKING pc=0x000002035c566144 sp=0x00000030da3fb680
Event: 2.211 Thread 0x000002034b06af80 DEOPT UNPACKING pc=0x00000203549a23a3 sp=0x00000030da3fb630 mode 2
Event: 2.343 Thread 0x000002034b06af80 Uncommon trap: trap_request=0xffffff45 fr.pc=0x000002035c570260 relative=0x0000000000000380
Event: 2.343 Thread 0x000002034b06af80 Uncommon trap: reason=unstable_if action=reinterpret pc=0x000002035c570260 method=org.apache.maven.model.ConfigurationContainer.getLocation(Ljava/lang/Object;)Lorg/apache/maven/model/InputLocation; @ 18 c2
Event: 2.343 Thread 0x000002034b06af80 DEOPT PACKING pc=0x000002035c570260 sp=0x00000030da3fc340
Event: 2.343 Thread 0x000002034b06af80 DEOPT UNPACKING pc=0x00000203549a23a3 sp=0x00000030da3fc2e0 mode 2
Event: 2.357 Thread 0x000002034b06af80 Uncommon trap: trap_request=0xffffff45 fr.pc=0x000002035c4982a0 relative=0x0000000000000560
Event: 2.357 Thread 0x000002034b06af80 Uncommon trap: reason=unstable_if action=reinterpret pc=0x000002035c4982a0 method=java.lang.String.regionMatches(ZILjava/lang/String;II)Z @ 21 c2
Event: 2.357 Thread 0x000002034b06af80 DEOPT PACKING pc=0x000002035c4982a0 sp=0x00000030da3fca80
Event: 2.357 Thread 0x000002034b06af80 DEOPT UNPACKING pc=0x00000203549a23a3 sp=0x00000030da3fca28 mode 2

Classes unloaded (0 events):
No events

Classes redefined (0 events):
No events

Internal exceptions (15 events):
Event: 0.316 Thread 0x000002034b06af80 Exception <a 'java/lang/NullPointerException'{0x000000008a2e3c28}> (0x000000008a2e3c28) 
thrown [t:\workspace\open\src\hotspot\share\interpreter\linkResolver.cpp, line 1357]
Event: 0.332 Thread 0x000002034b06af80 Exception <a 'java/lang/NullPointerException'{0x000000008a123d68}> (0x000000008a123d68) 
thrown [t:\workspace\open\src\hotspot\share\interpreter\linkResolver.cpp, line 1357]
Event: 0.332 Thread 0x000002034b06af80 Exception <a 'java/lang/NullPointerException'{0x000000008a124040}> (0x000000008a124040) 
thrown [t:\workspace\open\src\hotspot\share\interpreter\linkResolver.cpp, line 1357]
Event: 0.332 Thread 0x000002034b06af80 Exception <a 'java/lang/NullPointerException'{0x000000008a124318}> (0x000000008a124318) 
thrown [t:\workspace\open\src\hotspot\share\interpreter\linkResolver.cpp, line 1357]
Event: 0.333 Thread 0x000002034b06af80 Exception <a 'java/lang/NullPointerException'{0x000000008a129b58}> (0x000000008a129b58) 
thrown [t:\workspace\open\src\hotspot\share\interpreter\linkResolver.cpp, line 1357]
Event: 0.335 Thread 0x000002034b06af80 Exception <a 'java/lang/NullPointerException'{0x000000008a13ee70}> (0x000000008a13ee70) 
thrown [t:\workspace\open\src\hotspot\share\interpreter\linkResolver.cpp, line 1357]
Event: 0.335 Thread 0x000002034b06af80 Exception <a 'java/lang/NullPointerException'{0x000000008a13f148}> (0x000000008a13f148) 
thrown [t:\workspace\open\src\hotspot\share\interpreter\linkResolver.cpp, line 1357]
Event: 0.335 Thread 0x000002034b06af80 Exception <a 'java/lang/NullPointerException'{0x000000008a13f420}> (0x000000008a13f420) 
thrown [t:\workspace\open\src\hotspot\share\interpreter\linkResolver.cpp, line 1357]
Event: 0.335 Thread 0x000002034b06af80 Exception <a 'java/lang/NullPointerException'{0x000000008a13f6f8}> (0x000000008a13f6f8) 
thrown [t:\workspace\open\src\hotspot\share\interpreter\linkResolver.cpp, line 1357]
Event: 0.685 Thread 0x000002034b06af80 Exception <a 'java/lang/NoSuchMethodError'{0x000000008975b030}: 'java.lang.Object java.lang.invoke.DirectMethodHandle$Holder.newInvokeSpecial(java.lang.Object, java.lang.Object, java.lang.Object, java.lang.Object, java.lang.Object)'> (0x000000008975b030) 
thrown [t:\workspace\open\src\hotspot\share\interpreter\linkResolver.cpp, line 766]
Event: 0.734 Thread 0x000002034b06af80 Exception <a 'java/lang/NoClassDefFoundError'{0x00000000896be7f0}: javax/enterprise/inject/Typed> (0x00000000896be7f0) 
thrown [t:\workspace\open\src\hotspot\share\classfile\systemDictionary.cpp, line 245]
Event: 1.416 Thread 0x000002034b06af80 Exception <a 'java/lang/NoClassDefFoundError'{0x0000000088556ae8}: com/google/inject/servlet/ServletModuleTargetVisitor> (0x0000000088556ae8) 
thrown [t:\workspace\open\src\hotspot\share\classfile\systemDictionary.cpp, line 245]
Event: 1.481 Thread 0x000002034b06af80 Exception <a 'java/lang/NoSuchMethodError'{0x00000000884a07a0}: 'java.lang.Object java.lang.invoke.DirectMethodHandle$Holder.invokeStaticInit(java.lang.Object, int, int, int, int)'> (0x00000000884a07a0) 
thrown [t:\workspace\open\src\hotspot\share\interpreter\linkResolver.cpp, line 766]
Event: 1.615 Thread 0x000002034b06af80 Implicit null exception at 0x000002035c45a5f2 to 0x000002035c45abbc
Event: 1.615 Thread 0x000002034b06af80 Implicit null exception at 0x000002035c447b72 to 0x000002035c44814c

VM Operations (20 events):
Event: 1.333 Executing VM operation: HandshakeAllThreads
Event: 1.333 Executing VM operation: HandshakeAllThreads done
Event: 1.399 Executing VM operation: HandshakeAllThreads
Event: 1.399 Executing VM operation: HandshakeAllThreads done
Event: 1.464 Executing VM operation: HandshakeAllThreads
Event: 1.464 Executing VM operation: HandshakeAllThreads done
Event: 1.496 Executing VM operation: HandshakeAllThreads
Event: 1.496 Executing VM operation: HandshakeAllThreads done
Event: 1.523 Executing VM operation: ICBufferFull
Event: 1.523 Executing VM operation: ICBufferFull done
Event: 1.532 Executing VM operation: G1CollectForAllocation
Event: 1.540 Executing VM operation: G1CollectForAllocation done
Event: 1.580 Executing VM operation: HandshakeAllThreads
Event: 1.580 Executing VM operation: HandshakeAllThreads done
Event: 1.946 Executing VM operation: ICBufferFull
Event: 1.946 Executing VM operation: ICBufferFull done
Event: 1.964 Executing VM operation: HandshakeAllThreads
Event: 1.964 Executing VM operation: HandshakeAllThreads done
Event: 1.964 Executing VM operation: HandshakeAllThreads
Event: 1.964 Executing VM operation: HandshakeAllThreads done

Events (20 events):
Event: 1.667 loading class sun/util/resources/Bundles$2
Event: 1.668 loading class sun/util/resources/Bundles$2 done
Event: 1.697 loading class java/lang/Short$ShortCache
Event: 1.697 loading class java/lang/Short$ShortCache done
Event: 1.697 loading class java/lang/Byte$ByteCache
Event: 1.697 loading class java/lang/Byte$ByteCache done
Event: 1.957 loading class java/util/LinkedList$ListItr
Event: 1.957 loading class java/util/LinkedList$ListItr done
Event: 1.963 loading class java/util/concurrent/locks/ReentrantReadWriteLock
Event: 1.963 loading class java/util/concurrent/locks/ReentrantReadWriteLock done
Event: 1.963 loading class java/util/concurrent/locks/ReentrantReadWriteLock$NonfairSync
Event: 1.963 loading class java/util/concurrent/locks/ReentrantReadWriteLock$Sync
Event: 1.964 loading class java/util/concurrent/locks/ReentrantReadWriteLock$Sync done
Event: 1.964 loading class java/util/concurrent/locks/ReentrantReadWriteLock$NonfairSync done
Event: 1.964 loading class java/util/concurrent/locks/ReentrantReadWriteLock$Sync$ThreadLocalHoldCounter
Event: 1.964 loading class java/util/concurrent/locks/ReentrantReadWriteLock$Sync$ThreadLocalHoldCounter done
Event: 1.964 loading class java/util/concurrent/locks/ReentrantReadWriteLock$ReadLock
Event: 1.964 loading class java/util/concurrent/locks/ReentrantReadWriteLock$ReadLock done
Event: 1.964 loading class java/util/concurrent/locks/ReentrantReadWriteLock$WriteLock
Event: 1.964 loading class java/util/concurrent/locks/ReentrantReadWriteLock$WriteLock done


Dynamic libraries:
0x00007ff715640000 - 0x00007ff715650000 	C:\Program Files\Java\jdk17.0.1\bin\java.exe
0x00007ffe6dd50000 - 0x00007ffe6df66000 	C:\WINDOWS\SYSTEM32\ntdll.dll
0x00007ffe6c5a0000 - 0x00007ffe6c664000 	C:\WINDOWS\System32\KERNEL32.DLL
0x00007ffe6b4c0000 - 0x00007ffe6b867000 	C:\WINDOWS\System32\KERNELBASE.dll
0x00007ffe6b070000 - 0x00007ffe6b181000 	C:\WINDOWS\System32\ucrtbase.dll
0x00007ffe554b0000 - 0x00007ffe554c8000 	C:\Program Files\Java\jdk17.0.1\bin\jli.dll
0x00007ffe6bb00000 - 0x00007ffe6bbb2000 	C:\WINDOWS\System32\ADVAPI32.dll
0x00007ffe4bf50000 - 0x00007ffe4bf6a000 	C:\Program Files\Java\jdk17.0.1\bin\VCRUNTIME140.dll
0x00007ffe6be30000 - 0x00007ffe6bed7000 	C:\WINDOWS\System32\msvcrt.dll
0x00007ffe6c4f0000 - 0x00007ffe6c598000 	C:\WINDOWS\System32\sechost.dll
0x00007ffe6b930000 - 0x00007ffe6b958000 	C:\WINDOWS\System32\bcrypt.dll
0x00007ffe6bf50000 - 0x00007ffe6c065000 	C:\WINDOWS\System32\RPCRT4.dll
0x00007ffe6d2d0000 - 0x00007ffe6d47e000 	C:\WINDOWS\System32\USER32.dll
0x00007ffe50ea0000 - 0x00007ffe51133000 	C:\WINDOWS\WinSxS\amd64_microsoft.windows.common-controls_6595b64144ccf1df_6.0.22621.3235_none_270f74e173860f98\COMCTL32.dll
0x00007ffe6b190000 - 0x00007ffe6b1b6000 	C:\WINDOWS\System32\win32u.dll
0x00007ffe6d2a0000 - 0x00007ffe6d2c9000 	C:\WINDOWS\System32\GDI32.dll
0x00007ffe6b960000 - 0x00007ffe6ba79000 	C:\WINDOWS\System32\gdi32full.dll
0x00007ffe6b2b0000 - 0x00007ffe6b34a000 	C:\WINDOWS\System32\msvcp_win.dll
0x00007ffe616e0000 - 0x00007ffe616ea000 	C:\WINDOWS\SYSTEM32\VERSION.dll
0x00007ffe6d260000 - 0x00007ffe6d291000 	C:\WINDOWS\System32\IMM32.DLL
0x00007ffe55d10000 - 0x00007ffe55d1c000 	C:\Program Files\Java\jdk17.0.1\bin\vcruntime140_1.dll
0x00007ffe34df0000 - 0x00007ffe34e7d000 	C:\Program Files\Java\jdk17.0.1\bin\msvcp140.dll
0x00007ffe131a0000 - 0x00007ffe13d5e000 	C:\Program Files\Java\jdk17.0.1\bin\server\jvm.dll
0x00007ffe6d250000 - 0x00007ffe6d258000 	C:\WINDOWS\System32\PSAPI.DLL
0x00007ffe5b1f0000 - 0x00007ffe5b1f9000 	C:\WINDOWS\SYSTEM32\WSOCK32.dll
0x00007ffe63ba0000 - 0x00007ffe63bd4000 	C:\WINDOWS\SYSTEM32\WINMM.dll
0x00007ffe6ba80000 - 0x00007ffe6baf1000 	C:\WINDOWS\System32\WS2_32.dll
0x00007ffe6a070000 - 0x00007ffe6a088000 	C:\WINDOWS\SYSTEM32\kernel.appcore.dll
0x00007ffe53130000 - 0x00007ffe5313a000 	C:\Program Files\Java\jdk17.0.1\bin\jimage.dll
0x00007ffe68890000 - 0x00007ffe68ac3000 	C:\WINDOWS\SYSTEM32\DBGHELP.DLL
0x00007ffe6c070000 - 0x00007ffe6c3f8000 	C:\WINDOWS\System32\combase.dll
0x00007ffe6d170000 - 0x00007ffe6d247000 	C:\WINDOWS\System32\OLEAUT32.dll
0x00007ffe4edb0000 - 0x00007ffe4ede2000 	C:\WINDOWS\SYSTEM32\dbgcore.DLL
0x00007ffe6b230000 - 0x00007ffe6b2a9000 	C:\WINDOWS\System32\bcryptPrimitives.dll
0x00007ffe469d0000 - 0x00007ffe469f5000 	C:\Program Files\Java\jdk17.0.1\bin\java.dll
0x00007ffe32420000 - 0x00007ffe324f6000 	C:\Program Files\Java\jdk17.0.1\bin\svml.dll
0x00007ffe6d4b0000 - 0x00007ffe6dd0c000 	C:\WINDOWS\System32\SHELL32.dll
0x00007ffe68f80000 - 0x00007ffe69879000 	C:\WINDOWS\SYSTEM32\windows.storage.dll
0x00007ffe68e40000 - 0x00007ffe68f7e000 	C:\WINDOWS\SYSTEM32\wintypes.dll
0x00007ffe6c720000 - 0x00007ffe6c813000 	C:\WINDOWS\System32\SHCORE.dll
0x00007ffe6cca0000 - 0x00007ffe6ccfe000 	C:\WINDOWS\System32\shlwapi.dll
0x00007ffe6afa0000 - 0x00007ffe6afc1000 	C:\WINDOWS\SYSTEM32\profapi.dll
0x00007ffe48610000 - 0x00007ffe48629000 	C:\Program Files\Java\jdk17.0.1\bin\net.dll
0x00007ffe64030000 - 0x00007ffe64166000 	C:\WINDOWS\SYSTEM32\WINHTTP.dll
0x00007ffe6a4d0000 - 0x00007ffe6a539000 	C:\WINDOWS\system32\mswsock.dll
0x00007ffe47e00000 - 0x00007ffe47e15000 	C:\Program Files\Java\jdk17.0.1\bin\nio.dll
0x00007ffe458a0000 - 0x00007ffe458b8000 	C:\Program Files\Java\jdk17.0.1\bin\zip.dll
0x0000000069ac0000 - 0x0000000069ae4000 	C:\Program Files\Maven\apache-maven-3.8.5\lib\jansi-native\Windows\x86_64\jansi.dll
0x00007ffe50e80000 - 0x00007ffe50e90000 	C:\Program Files\Java\jdk17.0.1\bin\verify.dll

dbghelp: loaded successfully - version: 4.0.5 - missing functions: none
symbol engine: initialized successfully - sym options: 0x614 - pdb path: .;C:\Program Files\Java\jdk17.0.1\bin;C:\WINDOWS\SYSTEM32;C:\WINDOWS\WinSxS\amd64_microsoft.windows.common-controls_6595b64144ccf1df_6.0.22621.3235_none_270f74e173860f98;C:\Program Files\Java\jdk17.0.1\bin\server;C:\Program Files\Maven\apache-maven-3.8.5\lib\jansi-native\Windows\x86_64

VM Arguments:
jvm_args: -Dclassworlds.conf=C:\Program Files\Maven\apache-maven-3.8.5\bin\m2.conf -Dmaven.home=C:\Program Files\Maven\apache-maven-3.8.5 -Dlibrary.jansi.path=C:\Program Files\Maven\apache-maven-3.8.5\lib\jansi-native -Dmaven.multiModuleProjectDirectory=D:\eclipse-workspace\primo-progetto 
java_command: org.codehaus.plexus.classworlds.launcher.Launcher package -DskipTests
java_class_path (initial): C:\Program Files\Maven\apache-maven-3.8.5\boot\plexus-classworlds-2.6.0.jar
Launcher Type: SUN_STANDARD

[Global flags]
     intx CICompilerCount                          = 4                                         {product} {ergonomic}
     uint ConcGCThreads                            = 2                                         {product} {ergonomic}
     uint G1ConcRefinementThreads                  = 8                                         {product} {ergonomic}
   size_t G1HeapRegionSize                         = 1048576                                   {product} {ergonomic}
    uintx GCDrainStackTargetSize                   = 64                                        {product} {ergonomic}
   size_t InitialHeapSize                          = 132120576                                 {product} {ergonomic}
   size_t MarkStackSize                            = 4194304                                   {product} {ergonomic}
   size_t MaxHeapSize                              = 2105540608                                {product} {ergonomic}
   size_t MaxNewSize                               = 1262485504                                {product} {ergonomic}
   size_t MinHeapDeltaBytes                        = 1048576                                   {product} {ergonomic}
   size_t MinHeapSize                              = 8388608                                   {product} {ergonomic}
    uintx NonNMethodCodeHeapSize                   = 5839372                                {pd product} {ergonomic}
    uintx NonProfiledCodeHeapSize                  = 122909434                              {pd product} {ergonomic}
    uintx ProfiledCodeHeapSize                     = 122909434                              {pd product} {ergonomic}
    uintx ReservedCodeCacheSize                    = 251658240                              {pd product} {ergonomic}
     bool SegmentedCodeCache                       = true                                      {product} {ergonomic}
   size_t SoftMaxHeapSize                          = 2105540608                             {manageable} {ergonomic}
     bool UseCompressedClassPointers               = true                           {product lp64_product} {ergonomic}
     bool UseCompressedOops                        = true                           {product lp64_product} {ergonomic}
     bool UseG1GC                                  = true                                      {product} {ergonomic}
     bool UseLargePagesIndividualAllocation        = false                                  {pd product} {ergonomic}

Logging:
Log output configuration:
 #0: stdout all=warning uptime,level,tags
 #1: stderr all=off uptime,level,tags

Environment Variables:
JAVA_HOME=C:\Program Files\Java\jdk17.0.1
PATH=C:\Program Files\Eclipse Adoptium\jdk-21.0.1.12-hotspot\bin;C:\Program Files (x86)\NVIDIA Corporation\PhysX\Common;C:\Windows\system32;C:\Windows;C:\Windows\System32\Wbem;C:\Windows\System32\WindowsPowerShell\v1.0\;C:\Windows\System32\OpenSSH\;C:\Program Files\dotnet\;C:\Program Files\Git\cmd;C:\Program Files\Maven\apache-maven-3.8.5\bin;C:\php;C:\Program Files\Java\scripts;C:\Users\Michelangelo\AppData\Local\Microsoft\WindowsApps;C:\ffmpeg\bin;C:\Users\Michelangelo\AppData\Local\GitHubDesktop\bin;C:\Users\Michelangelo\AppData\Local\Programs\Microsoft VS Code\bin;C:\Users\Michelangelo\AppData\Roaming\npm;C:\Program Files\Java\jdk17.0.1;C:\adb;C:\Program Files (x86)\Common Files\Oracle\Java\javapath;;C:\Program Files\nodejs\;C:\WINDOWS\system32;C:\WINDOWS;C:\WINDOWS\System32\Wbem;C:\WINDOWS\System32\WindowsPowerShell\v1.0\;C:\WINDOWS\System32\OpenSSH\;C:\Program Files\Docker\Docker\resources\bin;C:\Program Files (x86)\NVIDIA Corporation\PhysX\Common;C:\Windows\system32;C:\Windows;C:\Windows\System32\Wbem;C:\Windows\System32\WindowsPowerShell\v1.0\;C:\Windows\System32\OpenSSH\;C:\Program Files\dotnet\;C:\Program Files\Git\cmd;C:\Program Files\Maven\apache-maven-3.8.5\bin;C:\Program Files\nodejs\;C:\php;C:\Program Files\Java\scripts;C:\Users\Michelangelo\AppData\Local\Microsoft\WindowsApps;C:\ffmpeg\bin;C:\Users\Michelangelo\AppData\Local\GitHubDesktop\bin;C:\Users\Michelangelo\AppData\Local\Programs\Microsoft VS Code\bin;C:\Program Files\Java\jdk17.0.1;C:\adb;C:\Users\Michelangelo\adb;C:\Program Files\k8n;C:\Users\Michelangelo\AppData\Roaming\npm;%USERPROFILE%\AppData\Local\Microsoft\WindowsApps;
USERNAME=Michelangelo
OS=Windows_NT
PROCESSOR_IDENTIFIER=AMD64 Family 23 Model 24 Stepping 1, AuthenticAMD



---------------  S Y S T E M  ---------------

OS:
 Windows 10 , 64 bit Build 22621 (10.0.22621.3374)
OS uptime: 1 days 3:34 hours
Hyper-V role detected

CPU: total 8 (initial active 8) (8 cores per cpu, 2 threads per core) family 23 model 24 stepping 1 microcode 0x0, cx8, cmov, fxsr, ht, mmx, 3dnowpref, sse, sse2, sse3, ssse3, sse4a, sse4.1, sse4.2, popcnt, lzcnt, tsc, tscinvbit, avx, avx2, aes, clmul, bmi1, bmi2, adx, sha, fma, vzeroupper, clflush, clflushopt, hv

Memory: 4k page, system-wide physical 8024M (858M free)
TotalPageFile size 18024M (AvailPageFile size 8M)
current process WorkingSet (physical memory assigned to process): 145M, peak: 145M
current process commit charge ("private bytes"): 257M, peak: 260M

vm_info: Java HotSpot(TM) 64-Bit Server VM (17.0.1+12-LTS-39) for windows-amd64 JRE (17.0.1+12-LTS-39), built on Sep 27 2021 18:41:35 by "mach5one" with MS VC++ 16.8 (VS2019)

END.
